7 3 21
7 1 21
7 6 126
7 7 882
7 1 882
7 7 6174
7 6 37044
7 5 185220
7 3 555660
7 1 555660
7 3 1666980
7 3 5000940
3 1 3
3 6 18
3 7 126
3 1 126
3 7 882
3 6 5292
3 5 26460
3 3 79380
3 1 79380
3 3 238140
3 3 714420
3 0 0
1 6 6
1 7 42
1 1 42
1 7 294
1 6 1764
1 5 8820
1 3 26460
1 1 26460
1 3 79380
1 3 238140
1 0 0
1 6 0
6 7 42
6 1 42
6 7 294
6 6 1764
6 5 8820
6 3 26460
6 1 26460
6 3 79380
6 3 238140
6 0 0
6 6 0
6 2 0
7 1 7
7 7 49
7 6 294
7 5 1470
7 3 4410
7 1 4410
7 3 13230
7 3 39690
7 0 0
7 6 0
7 2 0
7 4 0
1 7 7
1 6 42
1 5 210
1 3 630
1 1 630
1 3 1890
1 3 5670
1 0 0
1 6 0
1 2 0
1 4 0
1 9 0
7 6 42
7 5 210
7 3 630
7 1 630
7 3 1890
7 3 5670
7 0 0
7 6 0
7 2 0
7 4 0
7 9 0
7 1 0
6 5 30
6 3 90
6 1 90
6 3 270
6 3 810
6 0 0
6 6 0
6 2 0
6 4 0
6 9 0
6 1 0
6 9 0
5 3 15
5 1 15
5 3 45
5 3 135
5 0 0
5 6 0
5 2 0
5 4 0
5 9 0
5 1 0
5 9 0
5 2 0
3 1 3
3 3 9
3 3 27
3 0 0
3 6 0
3 2 0
3 4 0
3 9 0
3 1 0
3 9 0
3 2 0
3 2 0
1 3 3
1 3 9
1 0 0
1 6 0
1 2 0
1 4 0
1 9 0
1 1 0
1 9 0
1 2 0
1 2 0
1 5 0
3 3 9
3 0 0
3 6 0
3 2 0
3 4 0
3 9 0
3 1 0
3 9 0
3 2 0
3 2 0
3 5 0
3 1 0
3 0 0
3 6 0
3 2 0
3 4 0
3 9 0
3 1 0
3 9 0
3 2 0
3 2 0
3 5 0
3 1 0
3 1 0
0 6 0
0 2 0
0 4 0
0 9 0
0 1 0
0 9 0
0 2 0
0 2 0
0 5 0
0 1 0
0 1 0
0 9 0
6 2 12
6 4 48
6 9 432
6 1 432
6 9 3888
6 2 7776
6 2 15552
6 5 77760
6 1 77760
6 1 77760
6 9 699840
6 6 4199040
2 4 8
2 9 72
2 1 72
2 9 648
2 2 1296
2 2 2592
2 5 12960
2 1 12960
2 1 12960
2 9 116640
2 6 699840
2 7 4898880
4 9 36
4 1 36
4 9 324
4 2 648
4 2 1296
4 5 6480
4 1 6480
4 1 6480
4 9 58320
4 6 349920
4 7 2449440
4 4 9797760
9 1 9
9 9 81
9 2 162
9 2 324
9 5 1620
9 1 1620
9 1 1620
9 9 14580
9 6 87480
9 7 612360
9 4 2449440
9 4 9797760
1 9 9
1 2 18
1 2 36
1 5 180
1 1 180
1 1 180
1 9 1620
1 6 9720
1 7 68040
1 4 272160
1 4 1088640
1 2 2177280
9 2 18
9 2 36
9 5 180
9 1 180
9 1 180
9 9 1620
9 6 9720
9 7 68040
9 4 272160
9 4 1088640
9 2 2177280
9 6 13063680
2 2 4
2 5 20
2 1 20
2 1 20
2 9 180
2 6 1080
2 7 7560
2 4 30240
2 4 120960
2 2 241920
2 6 1451520
2 5 7257600
2 5 10
2 1 10
2 1 10
2 9 90
2 6 540
2 7 3780
2 4 15120
2 4 60480
2 2 120960
2 6 725760
2 5 3628800
2 7 25401600
5 1 5
5 1 5
5 9 45
5 6 270
5 7 1890
5 4 7560
5 4 30240
5 2 60480
5 6 362880
5 5 1814400
5 7 12700800
5 4 50803200
1 1 1
1 9 9
1 6 54
1 7 378
1 4 1512
1 4 6048
1 2 12096
1 6 72576
1 5 362880
1 7 2540160
1 4 10160640
1 7 71124480
1 9 9
1 6 54
1 7 378
1 4 1512
1 4 6048
1 2 12096
1 6 72576
1 5 362880
1 7 2540160
1 4 10160640
1 7 71124480
1 4 284497920
9 6 54
9 7 378
9 4 1512
9 4 6048
9 2 12096
9 6 72576
9 5 362880
9 7 2540160
9 4 10160640
9 7 71124480
9 4 284497920
9 2 568995840
6 7 42
6 4 168
6 4 672
6 2 1344
6 6 8064
6 5 40320
6 7 282240
6 4 1128960
6 7 7902720
6 4 31610880
6 2 63221760
6 3 189665280
7 4 28
7 4 112
7 2 224
7 6 1344
7 5 6720
7 7 47040
7 4 188160
7 7 1317120
7 4 5268480
7 2 10536960
7 3 31610880
7 5 158054400
4 4 16
4 2 32
4 6 192
4 5 960
4 7 6720
4 4 26880
4 7 188160
4 4 752640
4 2 1505280
4 3 4515840
4 5 22579200
4 5 112896000
4 2 8
4 6 48
4 5 240
4 7 1680
4 4 6720
4 7 47040
4 4 188160
4 2 376320
4 3 1128960
4 5 5644800
4 5 28224000
4 3 84672000
2 6 12
2 5 60
2 7 420
2 4 1680
2 7 11760
2 4 47040
2 2 94080
2 3 282240
2 5 1411200
2 5 7056000
2 3 21168000
2 4 84672000
6 5 30
6 7 210
6 4 840
6 7 5880
6 4 23520
6 2 47040
6 3 141120
6 5 705600
6 5 3528000
6 3 10584000
6 4 42336000
6 9 381024000
5 7 35
5 4 140
5 7 980
5 4 3920
5 2 7840
5 3 23520
5 5 117600
5 5 588000
5 3 1764000
5 4 7056000
5 9 63504000
5 1 63504000
7 4 28
7 7 196
7 4 784
7 2 1568
7 3 4704
7 5 23520
7 5 117600
7 3 352800
7 4 1411200
7 9 12700800
7 1 12700800
7 9 114307200
4 7 28
4 4 112
4 2 224
4 3 672
4 5 3360
4 5 16800
4 3 50400
4 4 201600
4 9 1814400
4 1 1814400
4 9 16329600
4 4 65318400
7 4 28
7 2 56
7 3 168
7 5 840
7 5 4200
7 3 12600
7 4 50400
7 9 453600
7 1 453600
7 9 4082400
7 4 16329600
7 9 146966400
4 2 8
4 3 24
4 5 120
4 5 600
4 3 1800
4 4 7200
4 9 64800
4 1 64800
4 9 583200
4 4 2332800
4 9 20995200
4 3 62985600
2 3 6
2 5 30
2 5 150
2 3 450
2 4 1800
2 9 16200
2 1 16200
2 9 145800
2 4 583200
2 9 5248800
2 3 15746400
2 4 62985600
3 5 15
3 5 75
3 3 225
3 4 900
3 9 8100
3 1 8100
3 9 72900
3 4 291600
3 9 2624400
3 3 7873200
3 4 31492800
3 9 283435200
5 5 25
5 3 75
5 4 300
5 9 2700
5 1 2700
5 9 24300
5 4 97200
5 9 874800
5 3 2624400
5 4 10497600
5 9 94478400
5 6 566870400
5 3 15
5 4 60
5 9 540
5 1 540
5 9 4860
5 4 19440
5 9 174960
5 3 524880
5 4 2099520
5 9 18895680
5 6 113374080
5 9 1020366720
3 4 12
3 9 108
3 1 108
3 9 972
3 4 3888
3 9 34992
3 3 104976
3 4 419904
3 9 3779136
3 6 22674816
3 9 204073344
3 8 1632586752
4 9 36
4 1 36
4 9 324
4 4 1296
4 9 11664
4 3 34992
4 4 139968
4 9 1259712
4 6 7558272
4 9 68024448
4 8 544195584
4 3 1632586752
9 1 9
9 9 81
9 4 324
9 9 2916
9 3 8748
9 4 34992
9 9 314928
9 6 1889568
9 9 17006112
9 8 136048896
9 3 408146688
9 5 2040733440
1 9 9
1 4 36
1 9 324
1 3 972
1 4 3888
1 9 34992
1 6 209952
1 9 1889568
1 8 15116544
1 3 45349632
1 5 226748160
1 2 453496320
9 4 36
9 9 324
9 3 972
9 4 3888
9 9 34992
9 6 209952
9 9 1889568
9 8 15116544
9 3 45349632
9 5 226748160
9 2 453496320
9 0 0
4 9 36
4 3 108
4 4 432
4 9 3888
4 6 23328
4 9 209952
4 8 1679616
4 3 5038848
4 5 25194240
4 2 50388480
4 0 0
4 3 0
9 3 27
9 4 108
9 9 972
9 6 5832
9 9 52488
9 8 419904
9 3 1259712
9 5 6298560
9 2 12597120
9 0 0
9 3 0
9 1 0
3 4 12
3 9 108
3 6 648
3 9 5832
3 8 46656
3 3 139968
3 5 699840
3 2 1399680
3 0 0
3 3 0
3 1 0
3 2 0
4 9 36
4 6 216
4 9 1944
4 8 15552
4 3 46656
4 5 233280
4 2 466560
4 0 0
4 3 0
4 1 0
4 2 0
4 7 0
9 6 54
9 9 486
9 8 3888
9 3 11664
9 5 58320
9 2 116640
9 0 0
9 3 0
9 1 0
9 2 0
9 7 0
9 7 0
6 9 54
6 8 432
6 3 1296
6 5 6480
6 2 12960
6 0 0
6 3 0
6 1 0
6 2 0
6 7 0
6 7 0
6 4 0
9 8 72
9 3 216
9 5 1080
9 2 2160
9 0 0
9 3 0
9 1 0
9 2 0
9 7 0
9 7 0
9 4 0
9 5 0
8 3 24
8 5 120
8 2 240
8 0 0
8 3 0
8 1 0
8 2 0
8 7 0
8 7 0
8 4 0
8 5 0
8 0 0
3 5 15
3 2 30
3 0 0
3 3 0
3 1 0
3 2 0
3 7 0
3 7 0
3 4 0
3 5 0
3 0 0
3 6 0
5 2 10
5 0 0
5 3 0
5 1 0
5 2 0
5 7 0
5 7 0
5 4 0
5 5 0
5 0 0
5 6 0
5 3 0
2 0 0
2 3 0
2 1 0
2 2 0
2 7 0
2 7 0
2 4 0
2 5 0
2 0 0
2 6 0
2 3 0
2 2 0
0 3 0
0 1 0
0 2 0
0 7 0
0 7 0
0 4 0
0 5 0
0 0 0
0 6 0
0 3 0
0 2 0
0 6 0
3 1 3
3 2 6
3 7 42
3 7 294
3 4 1176
3 5 5880
3 0 0
3 6 0
3 3 0
3 2 0
3 6 0
3 2 0
1 2 2
1 7 14
1 7 98
1 4 392
1 5 1960
1 0 0
1 6 0
1 3 0
1 2 0
1 6 0
1 2 0
1 3 0
2 7 14
2 7 98
2 4 392
2 5 1960
2 0 0
2 6 0
2 3 0
2 2 0
2 6 0
2 2 0
2 3 0
2 9 0
7 7 49
7 4 196
7 5 980
7 0 0
7 6 0
7 3 0
7 2 0
7 6 0
7 2 0
7 3 0
7 9 0
7 5 0
7 4 28
7 5 140
7 0 0
7 6 0
7 3 0
7 2 0
7 6 0
7 2 0
7 3 0
7 9 0
7 5 0
7 7 0
4 5 20
4 0 0
4 6 0
4 3 0
4 2 0
4 6 0
4 2 0
4 3 0
4 9 0
4 5 0
4 7 0
4 8 0
5 0 0
5 6 0
5 3 0
5 2 0
5 6 0
5 2 0
5 3 0
5 9 0
5 5 0
5 7 0
5 8 0
5 3 0
0 6 0
0 3 0
0 2 0
0 6 0
0 2 0
0 3 0
0 9 0
0 5 0
0 7 0
0 8 0
0 3 0
0 1 0
6 3 18
6 2 36
6 6 216
6 2 432
6 3 1296
6 9 11664
6 5 58320
6 7 408240
6 8 3265920
6 3 9797760
6 1 9797760
6 8 78382080
3 2 6
3 6 36
3 2 72
3 3 216
3 9 1944
3 5 9720
3 7 68040
3 8 544320
3 3 1632960
3 1 1632960
3 8 13063680
3 0 0
2 6 12
2 2 24
2 3 72
2 9 648
2 5 3240
2 7 22680
2 8 181440
2 3 544320
2 1 544320
2 8 4354560
2 0 0
2 1 0
6 2 12
6 3 36
6 9 324
6 5 1620
6 7 11340
6 8 90720
6 3 272160
6 1 272160
6 8 2177280
6 0 0
6 1 0
6 6 0
2 3 6
2 9 54
2 5 270
2 7 1890
2 8 15120
2 3 45360
2 1 45360
2 8 362880
2 0 0
2 1 0
2 6 0
2 9 0
3 9 27
3 5 135
3 7 945
3 8 7560
3 3 22680
3 1 22680
3 8 181440
3 0 0
3 1 0
3 6 0
3 9 0
3 8 0
9 5 45
9 7 315
9 8 2520
9 3 7560
9 1 7560
9 8 60480
9 0 0
9 1 0
9 6 0
9 9 0
9 8 0
9 4 0
5 7 35
5 8 280
5 3 840
5 1 840
5 8 6720
5 0 0
5 1 0
5 6 0
5 9 0
5 8 0
5 4 0
5 8 0
7 8 56
7 3 168
7 1 168
7 8 1344
7 0 0
7 1 0
7 6 0
7 9 0
7 8 0
7 4 0
7 8 0
7 0 0
8 3 24
8 1 24
8 8 192
8 0 0
8 1 0
8 6 0
8 9 0
8 8 0
8 4 0
8 8 0
8 0 0
8 1 0
3 1 3
3 8 24
3 0 0
3 1 0
3 6 0
3 9 0
3 8 0
3 4 0
3 8 0
3 0 0
3 1 0
3 8 0
1 8 8
1 0 0
1 1 0
1 6 0
1 9 0
1 8 0
1 4 0
1 8 0
1 0 0
1 1 0
1 8 0
1 6 0
8 0 0
8 1 0
8 6 0
8 9 0
8 8 0
8 4 0
8 8 0
8 0 0
8 1 0
8 8 0
8 6 0
8 9 0
0 1 0
0 6 0
0 9 0
0 8 0
0 4 0
0 8 0
0 0 0
0 1 0
0 8 0
0 6 0
0 9 0
0 4 0
1 6 6
1 9 54
1 8 432
1 4 1728
1 8 13824
1 0 0
1 1 0
1 8 0
1 6 0
1 9 0
1 4 0
1 7 0
6 9 54
6 8 432
6 4 1728
6 8 13824
6 0 0
6 1 0
6 8 0
6 6 0
6 9 0
6 4 0
6 7 0
6 8 0
9 8 72
9 4 288
9 8 2304
9 0 0
9 1 0
9 8 0
9 6 0
9 9 0
9 4 0
9 7 0
9 8 0
9 8 0
8 4 32
8 8 256
8 0 0
8 1 0
8 8 0
8 6 0
8 9 0
8 4 0
8 7 0
8 8 0
8 8 0
8 5 0
4 8 32
4 0 0
4 1 0
4 8 0
4 6 0
4 9 0
4 4 0
4 7 0
4 8 0
4 8 0
4 5 0
4 1 0
8 0 0
8 1 0
8 8 0
8 6 0
8 9 0
8 4 0
8 7 0
8 8 0
8 8 0
8 5 0
8 1 0
8 8 0
0 1 0
0 8 0
0 6 0
0 9 0
0 4 0
0 7 0
0 8 0
0 8 0
0 5 0
0 1 0
0 8 0
0 4 0
1 8 8
1 6 48
1 9 432
1 4 1728
1 7 12096
1 8 96768
1 8 774144
1 5 3870720
1 1 3870720
1 8 30965760
1 4 123863040
1 3 371589120
8 6 48
8 9 432
8 4 1728
8 7 12096
8 8 96768
8 8 774144
8 5 3870720
8 1 3870720
8 8 30965760
8 4 123863040
8 3 371589120
8 8 2972712960
6 9 54
6 4 216
6 7 1512
6 8 12096
6 8 96768
6 5 483840
6 1 483840
6 8 3870720
6 4 15482880
6 3 46448640
6 8 371589120
6 5 1857945600
9 4 36
9 7 252
9 8 2016
9 8 16128
9 5 80640
9 1 80640
9 8 645120
9 4 2580480
9 3 7741440
9 8 61931520
9 5 309657600
9 8 2477260800
4 7 28
4 8 224
4 8 1792
4 5 8960
4 1 8960
4 8 71680
4 4 286720
4 3 860160
4 8 6881280
4 5 34406400
4 8 275251200
4 6 1651507200
7 8 56
7 8 448
7 5 2240
7 1 2240
7 8 17920
7 4 71680
7 3 215040
7 8 1720320
7 5 8601600
7 8 68812800
7 6 412876800
7 1 412876800
8 8 64
8 5 320
8 1 320
8 8 2560
8 4 10240
8 3 30720
8 8 245760
8 5 1228800
8 8 9830400
8 6 58982400
8 1 58982400
8 5 294912000
8 5 40
8 1 40
8 8 320
8 4 1280
8 3 3840
8 8 30720
8 5 153600
8 8 1228800
8 6 7372800
8 1 7372800
8 5 36864000
8 6 221184000
5 1 5
5 8 40
5 4 160
5 3 480
5 8 3840
5 5 19200
5 8 153600
5 6 921600
5 1 921600
5 5 4608000
5 6 27648000
5 0 0
1 8 8
1 4 32
1 3 96
1 8 768
1 5 3840
1 8 30720
1 6 184320
1 1 184320
1 5 921600
1 6 5529600
1 0 0
1 7 0
8 4 32
8 3 96
8 8 768
8 5 3840
8 8 30720
8 6 184320
8 1 184320
8 5 921600
8 6 5529600
8 0 0
8 7 0
8 8 0
4 3 12
4 8 96
4 5 480
4 8 3840
4 6 23040
4 1 23040
4 5 115200
4 6 691200
4 0 0
4 7 0
4 8 0
4 9 0
3 8 24
3 5 120
3 8 960
3 6 5760
3 1 5760
3 5 28800
3 6 172800
3 0 0
3 7 0
3 8 0
3 9 0
3 1 0
8 5 40
8 8 320
8 6 1920
8 1 1920
8 5 9600
8 6 57600
8 0 0
8 7 0
8 8 0
8 9 0
8 1 0
8 1 0
5 8 40
5 6 240
5 1 240
5 5 1200
5 6 7200
5 0 0
5 7 0
5 8 0
5 9 0
5 1 0
5 1 0
5 2 0
8 6 48
8 1 48
8 5 240
8 6 1440
8 0 0
8 7 0
8 8 0
8 9 0
8 1 0
8 1 0
8 2 0
8 9 0
6 1 6
6 5 30
6 6 180
6 0 0
6 7 0
6 8 0
6 9 0
6 1 0
6 1 0
6 2 0
6 9 0
6 4 0
1 5 5
1 6 30
1 0 0
1 7 0
1 8 0
1 9 0
1 1 0
1 1 0
1 2 0
1 9 0
1 4 0
1 9 0
5 6 30
5 0 0
5 7 0
5 8 0
5 9 0
5 1 0
5 1 0
5 2 0
5 9 0
5 4 0
5 9 0
5 4 0
6 0 0
6 7 0
6 8 0
6 9 0
6 1 0
6 1 0
6 2 0
6 9 0
6 4 0
6 9 0
6 4 0
6 9 0
0 7 0
0 8 0
0 9 0
0 1 0
0 1 0
0 2 0
0 9 0
0 4 0
0 9 0
0 4 0
0 9 0
0 5 0
7 8 56
7 9 504
7 1 504
7 1 504
7 2 1008
7 9 9072
7 4 36288
7 9 326592
7 4 1306368
7 9 11757312
7 5 58786560
7 4 235146240
8 9 72
8 1 72
8 1 72
8 2 144
8 9 1296
8 4 5184
8 9 46656
8 4 186624
8 9 1679616
8 5 8398080
8 4 33592320
8 5 167961600
9 1 9
9 1 9
9 2 18
9 9 162
9 4 648
9 9 5832
9 4 23328
9 9 209952
9 5 1049760
9 4 4199040
9 5 20995200
9 9 188956800
1 1 1
1 2 2
1 9 18
1 4 72
1 9 648
1 4 2592
1 9 23328
1 5 116640
1 4 466560
1 5 2332800
1 9 20995200
1 5 104976000
1 2 2
1 9 18
1 4 72
1 9 648
1 4 2592
1 9 23328
1 5 116640
1 4 466560
1 5 2332800
1 9 20995200
1 5 104976000
1 0 0
2 9 18
2 4 72
2 9 648
2 4 2592
2 9 23328
2 5 116640
2 4 466560
2 5 2332800
2 9 20995200
2 5 104976000
2 0 0
2 1 0
9 4 36
9 9 324
9 4 1296
9 9 11664
9 5 58320
9 4 233280
9 5 1166400
9 9 10497600
9 5 52488000
9 0 0
9 1 0
9 7 0
4 9 36
4 4 144
4 9 1296
4 5 6480
4 4 25920
4 5 129600
4 9 1166400
4 5 5832000
4 0 0
4 1 0
4 7 0
4 3 0
9 4 36
9 9 324
9 5 1620
9 4 6480
9 5 32400
9 9 291600
9 5 1458000
9 0 0
9 1 0
9 7 0
9 3 0
9 7 0
4 9 36
4 5 180
4 4 720
4 5 3600
4 9 32400
4 5 162000
4 0 0
4 1 0
4 7 0
4 3 0
4 7 0
4 9 0
9 5 45
9 4 180
9 5 900
9 9 8100
9 5 40500
9 0 0
9 1 0
9 7 0
9 3 0
9 7 0
9 9 0
9 5 0
5 4 20
5 5 100
5 9 900
5 5 4500
5 0 0
5 1 0
5 7 0
5 3 0
5 7 0
5 9 0
5 5 0
5 8 0
4 5 20
4 9 180
4 5 900
4 0 0
4 1 0
4 7 0
4 3 0
4 7 0
4 9 0
4 5 0
4 8 0
4 3 0
5 9 45
5 5 225
5 0 0
5 1 0
5 7 0
5 3 0
5 7 0
5 9 0
5 5 0
5 8 0
5 3 0
5 3 0
9 5 45
9 0 0
9 1 0
9 7 0
9 3 0
9 7 0
9 9 0
9 5 0
9 8 0
9 3 0
9 3 0
9 1 0
5 0 0
5 1 0
5 7 0
5 3 0
5 7 0
5 9 0
5 5 0
5 8 0
5 3 0
5 3 0
5 1 0
5 9 0
0 1 0
0 7 0
0 3 0
0 7 0
0 9 0
0 5 0
0 8 0
0 3 0
0 3 0
0 1 0
0 9 0
0 5 0
1 7 7
1 3 21
1 7 147
1 9 1323
1 5 6615
1 8 52920
1 3 158760
1 3 476280
1 1 476280
1 9 4286520
1 5 21432600
1 2 42865200
7 3 21
7 7 147
7 9 1323
7 5 6615
7 8 52920
7 3 158760
7 3 476280
7 1 476280
7 9 4286520
7 5 21432600
7 2 42865200
7 8 342921600
3 7 21
3 9 189
3 5 945
3 8 7560
3 3 22680
3 3 68040
3 1 68040
3 9 612360
3 5 3061800
3 2 6123600
3 8 48988800
3 5 244944000
7 9 63
7 5 315
7 8 2520
7 3 7560
7 3 22680
7 1 22680
7 9 204120
7 5 1020600
7 2 2041200
7 8 16329600
7 5 81648000
7 3 244944000
9 5 45
9 8 360
9 3 1080
9 3 3240
9 1 3240
9 9 29160
9 5 145800
9 2 291600
9 8 2332800
9 5 11664000
9 3 34992000
9 2 69984000
5 8 40
5 3 120
5 3 360
5 1 360
5 9 3240
5 5 16200
5 2 32400
5 8 259200
5 5 1296000
5 3 3888000
5 2 7776000
5 0 0
8 3 24
8 3 72
8 1 72
8 9 648
8 5 3240
8 2 6480
8 8 51840
8 5 259200
8 3 777600
8 2 1555200
8 0 0
8 8 0
3 3 9
3 1 9
3 9 81
3 5 405
3 2 810
3 8 6480
3 5 32400
3 3 97200
3 2 194400
3 0 0
3 8 0
3 8 0
3 1 3
3 9 27
3 5 135
3 2 270
3 8 2160
3 5 10800
3 3 32400
3 2 64800
3 0 0
3 8 0
3 8 0
3 0 0
1 9 9
1 5 45
1 2 90
1 8 720
1 5 3600
1 3 10800
1 2 21600
1 0 0
1 8 0
1 8 0
1 0 0
1 5 0
9 5 45
9 2 90
9 8 720
9 5 3600
9 3 10800
9 2 21600
9 0 0
9 8 0
9 8 0
9 0 0
9 5 0
9 5 0
5 2 10
5 8 80
5 5 400
5 3 1200
5 2 2400
5 0 0
5 8 0
5 8 0
5 0 0
5 5 0
5 5 0
5 1 0
2 8 16
2 5 80
2 3 240
2 2 480
2 0 0
2 8 0
2 8 0
2 0 0
2 5 0
2 5 0
2 1 0
2 1 0
8 5 40
8 3 120
8 2 240
8 0 0
8 8 0
8 8 0
8 0 0
8 5 0
8 5 0
8 1 0
8 1 0
8 1 0
5 3 15
5 2 30
5 0 0
5 8 0
5 8 0
5 0 0
5 5 0
5 5 0
5 1 0
5 1 0
5 1 0
5 2 0
3 2 6
3 0 0
3 8 0
3 8 0
3 0 0
3 5 0
3 5 0
3 1 0
3 1 0
3 1 0
3 2 0
3 5 0
2 0 0
2 8 0
2 8 0
2 0 0
2 5 0
2 5 0
2 1 0
2 1 0
2 1 0
2 2 0
2 5 0
2 4 0
0 8 0
0 8 0
0 0 0
0 5 0
0 5 0
0 1 0
0 1 0
0 1 0
0 2 0
0 5 0
0 4 0
0 0 0
8 8 64
8 0 0
8 5 0
8 5 0
8 1 0
8 1 0
8 1 0
8 2 0
8 5 0
8 4 0
8 0 0
8 6 0
8 0 0
8 5 0
8 5 0
8 1 0
8 1 0
8 1 0
8 2 0
8 5 0
8 4 0
8 0 0
8 6 0
8 9 0
0 5 0
0 5 0
0 1 0
0 1 0
0 1 0
0 2 0
0 5 0
0 4 0
0 0 0
0 6 0
0 9 0
0 8 0
5 5 25
5 1 25
5 1 25
5 1 25
5 2 50
5 5 250
5 4 1000
5 0 0
5 6 0
5 9 0
5 8 0
5 7 0
5 1 5
5 1 5
5 1 5
5 2 10
5 5 50
5 4 200
5 0 0
5 6 0
5 9 0
5 8 0
5 7 0
5 4 0
1 1 1
1 1 1
1 2 2
1 5 10
1 4 40
1 0 0
1 6 0
1 9 0
1 8 0
1 7 0
1 4 0
1 7 0
1 1 1
1 2 2
1 5 10
1 4 40
1 0 0
1 6 0
1 9 0
1 8 0
1 7 0
1 4 0
1 7 0
1 1 0
1 2 2
1 5 10
1 4 40
1 0 0
1 6 0
1 9 0
1 8 0
1 7 0
1 4 0
1 7 0
1 1 0
1 5 0
2 5 10
2 4 40
2 0 0
2 6 0
2 9 0
2 8 0
2 7 0
2 4 0
2 7 0
2 1 0
2 5 0
2 8 0
5 4 20
5 0 0
5 6 0
5 9 0
5 8 0
5 7 0
5 4 0
5 7 0
5 1 0
5 5 0
5 8 0
5 5 0
4 0 0
4 6 0
4 9 0
4 8 0
4 7 0
4 4 0
4 7 0
4 1 0
4 5 0
4 8 0
4 5 0
4 2 0
0 6 0
0 9 0
0 8 0
0 7 0
0 4 0
0 7 0
0 1 0
0 5 0
0 8 0
0 5 0
0 2 0
0 3 0
6 9 54
6 8 432
6 7 3024
6 4 12096
6 7 84672
6 1 84672
6 5 423360
6 8 3386880
6 5 16934400
6 2 33868800
6 3 101606400
6 8 812851200
9 8 72
9 7 504
9 4 2016
9 7 14112
9 1 14112
9 5 70560
9 8 564480
9 5 2822400
9 2 5644800
9 3 16934400
9 8 135475200
9 6 812851200
8 7 56
8 4 224
8 7 1568
8 1 1568
8 5 7840
8 8 62720
8 5 313600
8 2 627200
8 3 1881600
8 8 15052800
8 6 90316800
8 3 270950400
7 4 28
7 7 196
7 1 196
7 5 980
7 8 7840
7 5 39200
7 2 78400
7 3 235200
7 8 1881600
7 6 11289600
7 3 33868800
7 0 0
4 7 28
4 1 28
4 5 140
4 8 1120
4 5 5600
4 2 11200
4 3 33600
4 8 268800
4 6 1612800
4 3 4838400
4 0 0
4 5 0
7 1 7
7 5 35
7 8 280
7 5 1400
7 2 2800
7 3 8400
7 8 67200
7 6 403200
7 3 1209600
7 0 0
7 5 0
7 0 0
1 5 5
1 8 40
1 5 200
1 2 400
1 3 1200
1 8 9600
1 6 57600
1 3 172800
1 0 0
1 5 0
1 0 0
1 7 0
5 8 40
5 5 200
5 2 400
5 3 1200
5 8 9600
5 6 57600
5 3 172800
5 0 0
5 5 0
5 0 0
5 7 0
5 1 0
8 5 40
8 2 80
8 3 240
8 8 1920
8 6 11520
8 3 34560
8 0 0
8 5 0
8 0 0
8 7 0
8 1 0
8 5 0
5 2 10
5 3 30
5 8 240
5 6 1440
5 3 4320
5 0 0
5 5 0
5 0 0
5 7 0
5 1 0
5 5 0
5 6 0
2 3 6
2 8 48
2 6 288
2 3 864
2 0 0
2 5 0
2 0 0
2 7 0
2 1 0
2 5 0
2 6 0
2 9 0
3 8 24
3 6 144
3 3 432
3 0 0
3 5 0
3 0 0
3 7 0
3 1 0
3 5 0
3 6 0
3 9 0
3 3 0
8 6 48
8 3 144
8 0 0
8 5 0
8 0 0
8 7 0
8 1 0
8 5 0
8 6 0
8 9 0
8 3 0
8 2 0
6 3 18
6 0 0
6 5 0
6 0 0
6 7 0
6 1 0
6 5 0
6 6 0
6 9 0
6 3 0
6 2 0
6 9 0
3 0 0
3 5 0
3 0 0
3 7 0
3 1 0
3 5 0
3 6 0
3 9 0
3 3 0
3 2 0
3 9 0
3 0 0
0 5 0
0 0 0
0 7 0
0 1 0
0 5 0
0 6 0
0 9 0
0 3 0
0 2 0
0 9 0
0 0 0
0 9 0
5 0 0
5 7 0
5 1 0
5 5 0
5 6 0
5 9 0
5 3 0
5 2 0
5 9 0
5 0 0
5 9 0
5 6 0
0 7 0
0 1 0
0 5 0
0 6 0
0 9 0
0 3 0
0 2 0
0 9 0
0 0 0
0 9 0
0 6 0
0 3 0
7 1 7
7 5 35
7 6 210
7 9 1890
7 3 5670
7 2 11340
7 9 102060
7 0 0
7 9 0
7 6 0
7 3 0
7 2 0
1 5 5
1 6 30
1 9 270
1 3 810
1 2 1620
1 9 14580
1 0 0
1 9 0
1 6 0
1 3 0
1 2 0
1 9 0
5 6 30
5 9 270
5 3 810
5 2 1620
5 9 14580
5 0 0
5 9 0
5 6 0
5 3 0
5 2 0
5 9 0
5 5 0
6 9 54
6 3 162
6 2 324
6 9 2916
6 0 0
6 9 0
6 6 0
6 3 0
6 2 0
6 9 0
6 5 0
6 2 0
9 3 27
9 2 54
9 9 486
9 0 0
9 9 0
9 6 0
9 3 0
9 2 0
9 9 0
9 5 0
9 2 0
9 2 0
3 2 6
3 9 54
3 0 0
3 9 0
3 6 0
3 3 0
3 2 0
3 9 0
3 5 0
3 2 0
3 2 0
3 7 0
2 9 18
2 0 0
2 9 0
2 6 0
2 3 0
2 2 0
2 9 0
2 5 0
2 2 0
2 2 0
2 7 0
2 4 0
9 0 0
9 9 0
9 6 0
9 3 0
9 2 0
9 9 0
9 5 0
9 2 0
9 2 0
9 7 0
9 4 0
9 4 0
0 9 0
0 6 0
0 3 0
0 2 0
0 9 0
0 5 0
0 2 0
0 2 0
0 7 0
0 4 0
0 4 0
0 3 0
9 6 54
9 3 162
9 2 324
9 9 2916
9 5 14580
9 2 29160
9 2 58320
9 7 408240
9 4 1632960
9 4 6531840
9 3 19595520
9 0 0
6 3 18
6 2 36
6 9 324
6 5 1620
6 2 3240
6 2 6480
6 7 45360
6 4 181440
6 4 725760
6 3 2177280
6 0 0
6 4 0
3 2 6
3 9 54
3 5 270
3 2 540
3 2 1080
3 7 7560
3 4 30240
3 4 120960
3 3 362880
3 0 0
3 4 0
3 3 0
2 9 18
2 5 90
2 2 180
2 2 360
2 7 2520
2 4 10080
2 4 40320
2 3 120960
2 0 0
2 4 0
2 3 0
2 5 0
9 5 45
9 2 90
9 2 180
9 7 1260
9 4 5040
9 4 20160
9 3 60480
9 0 0
9 4 0
9 3 0
9 5 0
9 5 0
5 2 10
5 2 20
5 7 140
5 4 560
5 4 2240
5 3 6720
5 0 0
5 4 0
5 3 0
5 5 0
5 5 0
5 7 0
2 2 4
2 7 28
2 4 112
2 4 448
2 3 1344
2 0 0
2 4 0
2 3 0
2 5 0
2 5 0
2 7 0
2 6 0
2 7 14
2 4 56
2 4 224
2 3 672
2 0 0
2 4 0
2 3 0
2 5 0
2 5 0
2 7 0
2 6 0
2 6 0
7 4 28
7 4 112
7 3 336
7 0 0
7 4 0
7 3 0
7 5 0
7 5 0
7 7 0
7 6 0
7 6 0
7 8 0
4 4 16
4 3 48
4 0 0
4 4 0
4 3 0
4 5 0
4 5 0
4 7 0
4 6 0
4 6 0
4 8 0
4 9 0
4 3 12
4 0 0
4 4 0
4 3 0
4 5 0
4 5 0
4 7 0
4 6 0
4 6 0
4 8 0
4 9 0
4 6 0
3 0 0
3 4 0
3 3 0
3 5 0
3 5 0
3 7 0
3 6 0
3 6 0
3 8 0
3 9 0
3 6 0
3 6 0
0 4 0
0 3 0
0 5 0
0 5 0
0 7 0
0 6 0
0 6 0
0 8 0
0 9 0
0 6 0
0 6 0
0 4 0
4 3 12
4 5 60
4 5 300
4 7 2100
4 6 12600
4 6 75600
4 8 604800
4 9 5443200
4 6 32659200
4 6 195955200
4 4 783820800
4 8 6270566400
3 5 15
3 5 75
3 7 525
3 6 3150
3 6 18900
3 8 151200
3 9 1360800
3 6 8164800
3 6 48988800
3 4 195955200
3 8 1567641600
3 9 14108774400
5 5 25
5 7 175
5 6 1050
5 6 6300
5 8 50400
5 9 453600
5 6 2721600
5 6 16329600
5 4 65318400
5 8 522547200
5 9 4702924800
5 5 23514624000
5 7 35
5 6 210
5 6 1260
5 8 10080
5 9 90720
5 6 544320
5 6 3265920
5 4 13063680
5 8 104509440
5 9 940584960
5 5 4702924800
5 0 0
7 6 42
7 6 252
7 8 2016
7 9 18144
7 6 108864
7 6 653184
7 4 2612736
7 8 20901888
7 9 188116992
7 5 940584960
7 0 0
7 4 0
6 6 36
6 8 288
6 9 2592
6 6 15552
6 6 93312
6 4 373248
6 8 2985984
6 9 26873856
6 5 134369280
6 0 0
6 4 0
6 4 0
6 8 48
6 9 432
6 6 2592
6 6 15552
6 4 62208
6 8 497664
6 9 4478976
6 5 22394880
6 0 0
6 4 0
6 4 0
6 5 0
8 9 72
8 6 432
8 6 2592
8 4 10368
8 8 82944
8 9 746496
8 5 3732480
8 0 0
8 4 0
8 4 0
8 5 0
8 2 0
9 6 54
9 6 324
9 4 1296
9 8 10368
9 9 93312
9 5 466560
9 0 0
9 4 0
9 4 0
9 5 0
9 2 0
9 4 0
6 6 36
6 4 144
6 8 1152
6 9 10368
6 5 51840
6 0 0
6 4 0
6 4 0
6 5 0
6 2 0
6 4 0
6 4 0
6 4 24
6 8 192
6 9 1728
6 5 8640
6 0 0
6 4 0
6 4 0
6 5 0
6 2 0
6 4 0
6 4 0
6 5 0
4 8 32
4 9 288
4 5 1440
4 0 0
4 4 0
4 4 0
4 5 0
4 2 0
4 4 0
4 4 0
4 5 0
4 2 0
8 9 72
8 5 360
8 0 0
8 4 0
8 4 0
8 5 0
8 2 0
8 4 0
8 4 0
8 5 0
8 2 0
8 3 0
9 5 45
9 0 0
9 4 0
9 4 0
9 5 0
9 2 0
9 4 0
9 4 0
9 5 0
9 2 0
9 3 0
9 1 0
5 0 0
5 4 0
5 4 0
5 5 0
5 2 0
5 4 0
5 4 0
5 5 0
5 2 0
5 3 0
5 1 0
5 6 0
0 4 0
0 4 0
0 5 0
0 2 0
0 4 0
0 4 0
0 5 0
0 2 0
0 3 0
0 1 0
0 6 0
0 1 0
4 4 16
4 5 80
4 2 160
4 4 640
4 4 2560
4 5 12800
4 2 25600
4 3 76800
4 1 76800
4 6 460800
4 1 460800
4 7 3225600
4 5 20
4 2 40
4 4 160
4 4 640
4 5 3200
4 2 6400
4 3 19200
4 1 19200
4 6 115200
4 1 115200
4 7 806400
4 3 2419200
5 2 10
5 4 40
5 4 160
5 5 800
5 2 1600
5 3 4800
5 1 4800
5 6 28800
5 1 28800
5 7 201600
5 3 604800
5 1 604800
2 4 8
2 4 32
2 5 160
2 2 320
2 3 960
2 1 960
2 6 5760
2 1 5760
2 7 40320
2 3 120960
2 1 120960
2 8 967680
4 4 16
4 5 80
4 2 160
4 3 480
4 1 480
4 6 2880
4 1 2880
4 7 20160
4 3 60480
4 1 60480
4 8 483840
4 5 2419200
4 5 20
4 2 40
4 3 120
4 1 120
4 6 720
4 1 720
4 7 5040
4 3 15120
4 1 15120
4 8 120960
4 5 604800
4 6 3628800
5 2 10
5 3 30
5 1 30
5 6 180
5 1 180
5 7 1260
5 3 3780
5 1 3780
5 8 30240
5 5 151200
5 6 907200
5 4 3628800
2 3 6
2 1 6
2 6 36
2 1 36
2 7 252
2 3 756
2 1 756
2 8 6048
2 5 30240
2 6 181440
2 4 725760
2 0 0
3 1 3
3 6 18
3 1 18
3 7 126
3 3 378
3 1 378
3 8 3024
3 5 15120
3 6 90720
3 4 362880
3 0 0
3 3 0
1 6 6
1 1 6
1 7 42
1 3 126
1 1 126
1 8 1008
1 5 5040
1 6 30240
1 4 120960
1 0 0
1 3 0
1 0 0
6 1 6
6 7 42
6 3 126
6 1 126
6 8 1008
6 5 5040
6 6 30240
6 4 120960
6 0 0
6 3 0
6 0 0
6 9 0
1 7 7
1 3 21
1 1 21
1 8 168
1 5 840
1 6 5040
1 4 20160
1 0 0
1 3 0
1 0 0
1 9 0
1 8 0
7 3 21
7 1 21
7 8 168
7 5 840
7 6 5040
7 4 20160
7 0 0
7 3 0
7 0 0
7 9 0
7 8 0
7 7 0
3 1 3
3 8 24
3 5 120
3 6 720
3 4 2880
3 0 0
3 3 0
3 0 0
3 9 0
3 8 0
3 7 0
3 1 0
1 8 8
1 5 40
1 6 240
1 4 960
1 0 0
1 3 0
1 0 0
1 9 0
1 8 0
1 7 0
1 1 0
1 1 0
8 5 40
8 6 240
8 4 960
8 0 0
8 3 0
8 0 0
8 9 0
8 8 0
8 7 0
8 1 0
8 1 0
8 1 0
5 6 30
5 4 120
5 0 0
5 3 0
5 0 0
5 9 0
5 8 0
5 7 0
5 1 0
5 1 0
5 1 0
5 2 0
6 4 24
6 0 0
6 3 0
6 0 0
6 9 0
6 8 0
6 7 0
6 1 0
6 1 0
6 1 0
6 2 0
6 1 0
4 0 0
4 3 0
4 0 0
4 9 0
4 8 0
4 7 0
4 1 0
4 1 0
4 1 0
4 2 0
4 1 0
4 7 0
0 3 0
0 0 0
0 9 0
0 8 0
0 7 0
0 1 0
0 1 0
0 1 0
0 2 0
0 1 0
0 7 0
0 2 0
3 0 0
3 9 0
3 8 0
3 7 0
3 1 0
3 1 0
3 1 0
3 2 0
3 1 0
3 7 0
3 2 0
3 2 0
0 9 0
0 8 0
0 7 0
0 1 0
0 1 0
0 1 0
0 2 0
0 1 0
0 7 0
0 2 0
0 2 0
0 3 0
9 8 72
9 7 504
9 1 504
9 1 504
9 1 504
9 2 1008
9 1 1008
9 7 7056
9 2 14112
9 2 28224
9 3 84672
9 8 677376
8 7 56
8 1 56
8 1 56
8 1 56
8 2 112
8 1 112
8 7 784
8 2 1568
8 2 3136
8 3 9408
8 8 75264
8 3 225792
7 1 7
7 1 7
7 1 7
7 2 14
7 1 14
7 7 98
7 2 196
7 2 392
7 3 1176
7 8 9408
7 3 28224
7 1 28224
1 1 1
1 1 1
1 2 2
1 1 2
1 7 14
1 2 28
1 2 56
1 3 168
1 8 1344
1 3 4032
1 1 4032
1 1 4032
1 1 1
1 2 2
1 1 2
1 7 14
1 2 28
1 2 56
1 3 168
1 8 1344
1 3 4032
1 1 4032
1 1 4032
1 3 12096
1 2 2
1 1 2
1 7 14
1 2 28
1 2 56
1 3 168
1 8 1344
1 3 4032
1 1 4032
1 1 4032
1 3 12096
1 6 72576
2 1 2
2 7 14
2 2 28
2 2 56
2 3 168
2 8 1344
2 3 4032
2 1 4032
2 1 4032
2 3 12096
2 6 72576
2 2 145152
1 7 7
1 2 14
1 2 28
1 3 84
1 8 672
1 3 2016
1 1 2016
1 1 2016
1 3 6048
1 6 36288
1 2 72576
1 2 145152
7 2 14
7 2 28
7 3 84
7 8 672
7 3 2016
7 1 2016
7 1 2016
7 3 6048
7 6 36288
7 2 72576
7 2 145152
7 2 290304
2 2 4
2 3 12
2 8 96
2 3 288
2 1 288
2 1 288
2 3 864
2 6 5184
2 2 10368
2 2 20736
2 2 41472
2 9 373248
2 3 6
2 8 48
2 3 144
2 1 144
2 1 144
2 3 432
2 6 2592
2 2 5184
2 2 10368
2 2 20736
2 9 186624
2 8 1492992
3 8 24
3 3 72
3 1 72
3 1 72
3 3 216
3 6 1296
3 2 2592
3 2 5184
3 2 10368
3 9 93312
3 8 746496
3 9 6718464
8 3 24
8 1 24
8 1 24
8 3 72
8 6 432
8 2 864
8 2 1728
8 2 3456
8 9 31104
8 8 248832
8 9 2239488
8 3 6718464
3 1 3
3 1 3
3 3 9
3 6 54
3 2 108
3 2 216
3 2 432
3 9 3888
3 8 31104
3 9 279936
3 3 839808
3 4 3359232
1 1 1
1 3 3
1 6 18
1 2 36
1 2 72
1 2 144
1 9 1296
1 8 10368
1 9 93312
1 3 279936
1 4 1119744
1 2 2239488
1 3 3
1 6 18
1 2 36
1 2 72
1 2 144
1 9 1296
1 8 10368
1 9 93312
1 3 279936
1 4 1119744
1 2 2239488
1 3 6718464
3 6 18
3 2 36
3 2 72
3 2 144
3 9 1296
3 8 10368
3 9 93312
3 3 279936
3 4 1119744
3 2 2239488
3 3 6718464
3 3 20155392
6 2 12
6 2 24
6 2 48
6 9 432
6 8 3456
6 9 31104
6 3 93312
6 4 373248
6 2 746496
6 3 2239488
6 3 6718464
6 8 53747712
2 2 4
2 2 8
2 9 72
2 8 576
2 9 5184
2 3 15552
2 4 62208
2 2 124416
2 3 373248
2 3 1119744
2 8 8957952
2 0 0
2 2 4
2 9 36
2 8 288
2 9 2592
2 3 7776
2 4 31104
2 2 62208
2 3 186624
2 3 559872
2 8 4478976
2 0 0
2 3 0
2 9 18
2 8 144
2 9 1296
2 3 3888
2 4 15552
2 2 31104
2 3 93312
2 3 279936
2 8 2239488
2 0 0
2 3 0
2 0 0
9 8 72
9 9 648
9 3 1944
9 4 7776
9 2 15552
9 3 46656
9 3 139968
9 8 1119744
9 0 0
9 3 0
9 0 0
9 8 0
8 9 72
8 3 216
8 4 864
8 2 1728
8 3 5184
8 3 15552
8 8 124416
8 0 0
8 3 0
8 0 0
8 8 0
8 1 0
9 3 27
9 4 108
9 2 216
9 3 648
9 3 1944
9 8 15552
9 0 0
9 3 0
9 0 0
9 8 0
9 1 0
9 3 0
3 4 12
3 2 24
3 3 72
3 3 216
3 8 1728
3 0 0
3 3 0
3 0 0
3 8 0
3 1 0
3 3 0
3 5 0
4 2 8
4 3 24
4 3 72
4 8 576
4 0 0
4 3 0
4 0 0
4 8 0
4 1 0
4 3 0
4 5 0
4 3 0
2 3 6
2 3 18
2 8 144
2 0 0
2 3 0
2 0 0
2 8 0
2 1 0
2 3 0
2 5 0
2 3 0
2 3 0
3 3 9
3 8 72
3 0 0
3 3 0
3 0 0
3 8 0
3 1 0
3 3 0
3 5 0
3 3 0
3 3 0
3 6 0
3 8 24
3 0 0
3 3 0
3 0 0
3 8 0
3 1 0
3 3 0
3 5 0
3 3 0
3 3 0
3 6 0
3 2 0
8 0 0
8 3 0
8 0 0
8 8 0
8 1 0
8 3 0
8 5 0
8 3 0
8 3 0
8 6 0
8 2 0
8 7 0
0 3 0
0 0 0
0 8 0
0 1 0
0 3 0
0 5 0
0 3 0
0 3 0
0 6 0
0 2 0
0 7 0
0 6 0
3 0 0
3 8 0
3 1 0
3 3 0
3 5 0
3 3 0
3 3 0
3 6 0
3 2 0
3 7 0
3 6 0
3 6 0
0 8 0
0 1 0
0 3 0
0 5 0
0 3 0
0 3 0
0 6 0
0 2 0
0 7 0
0 6 0
0 6 0
0 1 0
8 1 8
8 3 24
8 5 120
8 3 360
8 3 1080
8 6 6480
8 2 12960
8 7 90720
8 6 544320
8 6 3265920
8 1 3265920
8 4 13063680
1 3 3
1 5 15
1 3 45
1 3 135
1 6 810
1 2 1620
1 7 11340
1 6 68040
1 6 408240
1 1 408240
1 4 1632960
1 2 3265920
3 5 15
3 3 45
3 3 135
3 6 810
3 2 1620
3 7 11340
3 6 68040
3 6 408240
3 1 408240
3 4 1632960
3 2 3265920
3 8 26127360
5 3 15
5 3 45
5 6 270
5 2 540
5 7 3780
5 6 22680
5 6 136080
5 1 136080
5 4 544320
5 2 1088640
5 8 8709120
5 2 17418240
3 3 9
3 6 54
3 2 108
3 7 756
3 6 4536
3 6 27216
3 1 27216
3 4 108864
3 2 217728
3 8 1741824
3 2 3483648
3 8 27869184
3 6 18
3 2 36
3 7 252
3 6 1512
3 6 9072
3 1 9072
3 4 36288
3 2 72576
3 8 580608
3 2 1161216
3 8 9289728
3 0 0
6 2 12
6 7 84
6 6 504
6 6 3024
6 1 3024
6 4 12096
6 2 24192
6 8 193536
6 2 387072
6 8 3096576
6 0 0
6 6 0
2 7 14
2 6 84
2 6 504
2 1 504
2 4 2016
2 2 4032
2 8 32256
2 2 64512
2 8 516096
2 0 0
2 6 0
2 4 0
7 6 42
7 6 252
7 1 252
7 4 1008
7 2 2016
7 8 16128
7 2 32256
7 8 258048
7 0 0
7 6 0
7 4 0
7 4 0
6 6 36
6 1 36
6 4 144
6 2 288
6 8 2304
6 2 4608
6 8 36864
6 0 0
6 6 0
6 4 0
6 4 0
6 4 0
6 1 6
6 4 24
6 2 48
6 8 384
6 2 768
6 8 6144
6 0 0
6 6 0
6 4 0
6 4 0
6 4 0
6 4 0
1 4 4
1 2 8
1 8 64
1 2 128
1 8 1024
1 0 0
1 6 0
1 4 0
1 4 0
1 4 0
1 4 0
1 8 0
4 2 8
4 8 64
4 2 128
4 8 1024
4 0 0
4 6 0
4 4 0
4 4 0
4 4 0
4 4 0
4 8 0
4 6 0
2 8 16
2 2 32
2 8 256
2 0 0
2 6 0
2 4 0
2 4 0
2 4 0
2 4 0
2 8 0
2 6 0
2 6 0
8 2 16
8 8 128
8 0 0
8 6 0
8 4 0
8 4 0
8 4 0
8 4 0
8 8 0
8 6 0
8 6 0
8 4 0
2 8 16
2 0 0
2 6 0
2 4 0
2 4 0
2 4 0
2 4 0
2 8 0
2 6 0
2 6 0
2 4 0
2 5 0
8 0 0
8 6 0
8 4 0
8 4 0
8 4 0
8 4 0
8 8 0
8 6 0
8 6 0
8 4 0
8 5 0
8 2 0
0 6 0
0 4 0
0 4 0
0 4 0
0 4 0
0 8 0
0 6 0
0 6 0
0 4 0
0 5 0
0 2 0
0 3 0
6 4 24
6 4 96
6 4 384
6 4 1536
6 8 12288
6 6 73728
6 6 442368
6 4 1769472
6 5 8847360
6 2 17694720
6 3 53084160
6 8 424673280
4 4 16
4 4 64
4 4 256
4 8 2048
4 6 12288
4 6 73728
4 4 294912
4 5 1474560
4 2 2949120
4 3 8847360
4 8 70778880
4 7 495452160
4 4 16
4 4 64
4 8 512
4 6 3072
4 6 18432
4 4 73728
4 5 368640
4 2 737280
4 3 2211840
4 8 17694720
4 7 123863040
4 4 495452160
4 4 16
4 8 128
4 6 768
4 6 4608
4 4 18432
4 5 92160
4 2 184320
4 3 552960
4 8 4423680
4 7 30965760
4 4 123863040
4 9 1114767360
4 8 32
4 6 192
4 6 1152
4 4 4608
4 5 23040
4 2 46080
4 3 138240
4 8 1105920
4 7 7741440
4 4 30965760
4 9 278691840
4 3 836075520
8 6 48
8 6 288
8 4 1152
8 5 5760
8 2 11520
8 3 34560
8 8 276480
8 7 1935360
8 4 7741440
8 9 69672960
8 3 209018880
8 0 0
6 6 36
6 4 144
6 5 720
6 2 1440
6 3 4320
6 8 34560
6 7 241920
6 4 967680
6 9 8709120
6 3 26127360
6 0 0
6 3 0
6 4 24
6 5 120
6 2 240
6 3 720
6 8 5760
6 7 40320
6 4 161280
6 9 1451520
6 3 4354560
6 0 0
6 3 0
6 5 0
4 5 20
4 2 40
4 3 120
4 8 960
4 7 6720
4 4 26880
4 9 241920
4 3 725760
4 0 0
4 3 0
4 5 0
4 8 0
5 2 10
5 3 30
5 8 240
5 7 1680
5 4 6720
5 9 60480
5 3 181440
5 0 0
5 3 0
5 5 0
5 8 0
5 9 0
2 3 6
2 8 48
2 7 336
2 4 1344
2 9 12096
2 3 36288
2 0 0
2 3 0
2 5 0
2 8 0
2 9 0
2 0 0
3 8 24
3 7 168
3 4 672
3 9 6048
3 3 18144
3 0 0
3 3 0
3 5 0
3 8 0
3 9 0
3 0 0
3 7 0
8 7 56
8 4 224
8 9 2016
8 3 6048
8 0 0
8 3 0
8 5 0
8 8 0
8 9 0
8 0 0
8 7 0
8 2 0
7 4 28
7 9 252
7 3 756
7 0 0
7 3 0
7 5 0
7 8 0
7 9 0
7 0 0
7 7 0
7 2 0
7 9 0
4 9 36
4 3 108
4 0 0
4 3 0
4 5 0
4 8 0
4 9 0
4 0 0
4 7 0
4 2 0
4 9 0
4 6 0
9 3 27
9 0 0
9 3 0
9 5 0
9 8 0
9 9 0
9 0 0
9 7 0
9 2 0
9 9 0
9 6 0
9 2 0
3 0 0
3 3 0
3 5 0
3 8 0
3 9 0
3 0 0
3 7 0
3 2 0
3 9 0
3 6 0
3 2 0
3 9 0
0 3 0
0 5 0
0 8 0
0 9 0
0 0 0
0 7 0
0 2 0
0 9 0
0 6 0
0 2 0
0 9 0
0 0 0
3 5 15
3 8 120
3 9 1080
3 0 0
3 7 0
3 2 0
3 9 0
3 6 0
3 2 0
3 9 0
3 0 0
3 4 0
5 8 40
5 9 360
5 0 0
5 7 0
5 2 0
5 9 0
5 6 0
5 2 0
5 9 0
5 0 0
5 4 0
5 9 0
8 9 72
8 0 0
8 7 0
8 2 0
8 9 0
8 6 0
8 2 0
8 9 0
8 0 0
8 4 0
8 9 0
8 1 0
9 0 0
9 7 0
9 2 0
9 9 0
9 6 0
9 2 0
9 9 0
9 0 0
9 4 0
9 9 0
9 1 0
9 5 0
0 7 0
0 2 0
0 9 0
0 6 0
0 2 0
0 9 0
0 0 0
0 4 0
0 9 0
0 1 0
0 5 0
0 6 0
7 2 14
7 9 126
7 6 756
7 2 1512
7 9 13608
7 0 0
7 4 0
7 9 0
7 1 0
7 5 0
7 6 0
7 0 0
2 9 18
2 6 108
2 2 216
2 9 1944
2 0 0
2 4 0
2 9 0
2 1 0
2 5 0
2 6 0
2 0 0
2 4 0
9 6 54
9 2 108
9 9 972
9 0 0
9 4 0
9 9 0
9 1 0
9 5 0
9 6 0
9 0 0
9 4 0
9 4 0
6 2 12
6 9 108
6 0 0
6 4 0
6 9 0
6 1 0
6 5 0
6 6 0
6 0 0
6 4 0
6 4 0
6 0 0
2 9 18
2 0 0
2 4 0
2 9 0
2 1 0
2 5 0
2 6 0
2 0 0
2 4 0
2 4 0
2 0 0
2 7 0
9 0 0
9 4 0
9 9 0
9 1 0
9 5 0
9 6 0
9 0 0
9 4 0
9 4 0
9 0 0
9 7 0
9 7 0
0 4 0
0 9 0
0 1 0
0 5 0
0 6 0
0 0 0
0 4 0
0 4 0
0 0 0
0 7 0
0 7 0
0 2 0
4 9 36
4 1 36
4 5 180
4 6 1080
4 0 0
4 4 0
4 4 0
4 0 0
4 7 0
4 7 0
4 2 0
4 3 0
9 1 9
9 5 45
9 6 270
9 0 0
9 4 0
9 4 0
9 0 0
9 7 0
9 7 0
9 2 0
9 3 0
9 9 0
1 5 5
1 6 30
1 0 0
1 4 0
1 4 0
1 0 0
1 7 0
1 7 0
1 2 0
1 3 0
1 9 0
1 0 0
5 6 30
5 0 0
5 4 0
5 4 0
5 0 0
5 7 0
5 7 0
5 2 0
5 3 0
5 9 0
5 0 0
5 7 0
6 0 0
6 4 0
6 4 0
6 0 0
6 7 0
6 7 0
6 2 0
6 3 0
6 9 0
6 0 0
6 7 0
6 1 0
0 4 0
0 4 0
0 0 0
0 7 0
0 7 0
0 2 0
0 3 0
0 9 0
0 0 0
0 7 0
0 1 0
0 3 0
4 4 16
4 0 0
4 7 0
4 7 0
4 2 0
4 3 0
4 9 0
4 0 0
4 7 0
4 1 0
4 3 0
4 8 0
4 0 0
4 7 0
4 7 0
4 2 0
4 3 0
4 9 0
4 0 0
4 7 0
4 1 0
4 3 0
4 8 0
4 1 0
0 7 0
0 7 0
0 2 0
0 3 0
0 9 0
0 0 0
0 7 0
0 1 0
0 3 0
0 8 0
0 1 0
0 0 0
7 7 49
7 2 98
7 3 294
7 9 2646
7 0 0
7 7 0
7 1 0
7 3 0
7 8 0
7 1 0
7 0 0
7 5 0
7 2 14
7 3 42
7 9 378
7 0 0
7 7 0
7 1 0
7 3 0
7 8 0
7 1 0
7 0 0
7 5 0
7 1 0
2 3 6
2 9 54
2 0 0
2 7 0
2 1 0
2 3 0
2 8 0
2 1 0
2 0 0
2 5 0
2 1 0
2 5 0
3 9 27
3 0 0
3 7 0
3 1 0
3 3 0
3 8 0
3 1 0
3 0 0
3 5 0
3 1 0
3 5 0
3 8 0
9 0 0
9 7 0
9 1 0
9 3 0
9 8 0
9 1 0
9 0 0
9 5 0
9 1 0
9 5 0
9 8 0
9 5 0
0 7 0
0 1 0
0 3 0
0 8 0
0 1 0
0 0 0
0 5 0
0 1 0
0 5 0
0 8 0
0 5 0
0 9 0
7 1 7
7 3 21
7 8 168
7 1 168
7 0 0
7 5 0
7 1 0
7 5 0
7 8 0
7 5 0
7 9 0
7 3 0
1 3 3
1 8 24
1 1 24
1 0 0
1 5 0
1 1 0
1 5 0
1 8 0
1 5 0
1 9 0
1 3 0
1 0 0
3 8 24
3 1 24
3 0 0
3 5 0
3 1 0
3 5 0
3 8 0
3 5 0
3 9 0
3 3 0
3 0 0
3 7 0
8 1 8
8 0 0
8 5 0
8 1 0
8 5 0
8 8 0
8 5 0
8 9 0
8 3 0
8 0 0
8 7 0
8 9 0
1 0 0
1 5 0
1 1 0
1 5 0
1 8 0
1 5 0
1 9 0
1 3 0
1 0 0
1 7 0
1 9 0
1 6 0
0 5 0
0 1 0
0 5 0
0 8 0
0 5 0
0 9 0
0 3 0
0 0 0
0 7 0
0 9 0
0 6 0
0 0 0
5 1 5
5 5 25
5 8 200
5 5 1000
5 9 9000
5 3 27000
5 0 0
5 7 0
5 9 0
5 6 0
5 0 0
5 8 0
1 5 5
1 8 40
1 5 200
1 9 1800
1 3 5400
1 0 0
1 7 0
1 9 0
1 6 0
1 0 0
1 8 0
1 6 0
5 8 40
5 5 200
5 9 1800
5 3 5400
5 0 0
5 7 0
5 9 0
5 6 0
5 0 0
5 8 0
5 6 0
5 6 0
8 5 40
8 9 360
8 3 1080
8 0 0
8 7 0
8 9 0
8 6 0
8 0 0
8 8 0
8 6 0
8 6 0
8 7 0
5 9 45
5 3 135
5 0 0
5 7 0
5 9 0
5 6 0
5 0 0
5 8 0
5 6 0
5 6 0
5 7 0
5 0 0
9 3 27
9 0 0
9 7 0
9 9 0
9 6 0
9 0 0
9 8 0
9 6 0
9 6 0
9 7 0
9 0 0
9 1 0
3 0 0
3 7 0
3 9 0
3 6 0
3 0 0
3 8 0
3 6 0
3 6 0
3 7 0
3 0 0
3 1 0
3 7 0
0 7 0
0 9 0
0 6 0
0 0 0
0 8 0
0 6 0
0 6 0
0 7 0
0 0 0
0 1 0
0 7 0
0 2 0
7 9 63
7 6 378
7 0 0
7 8 0
7 6 0
7 6 0
7 7 0
7 0 0
7 1 0
7 7 0
7 2 0
7 4 0
9 6 54
9 0 0
9 8 0
9 6 0
9 6 0
9 7 0
9 0 0
9 1 0
9 7 0
9 2 0
9 4 0
9 2 0
6 0 0
6 8 0
6 6 0
6 6 0
6 7 0
6 0 0
6 1 0
6 7 0
6 2 0
6 4 0
6 2 0
6 7 0
0 8 0
0 6 0
0 6 0
0 7 0
0 0 0
0 1 0
0 7 0
0 2 0
0 4 0
0 2 0
0 7 0
0 1 0
8 6 48
8 6 288
8 7 2016
8 0 0
8 1 0
8 7 0
8 2 0
8 4 0
8 2 0
8 7 0
8 1 0
8 2 0
6 6 36
6 7 252
6 0 0
6 1 0
6 7 0
6 2 0
6 4 0
6 2 0
6 7 0
6 1 0
6 2 0
6 1 0
6 7 42
6 0 0
6 1 0
6 7 0
6 2 0
6 4 0
6 2 0
6 7 0
6 1 0
6 2 0
6 1 0
6 8 0
7 0 0
7 1 0
7 7 0
7 2 0
7 4 0
7 2 0
7 7 0
7 1 0
7 2 0
7 1 0
7 8 0
7 8 0
0 1 0
0 7 0
0 2 0
0 4 0
0 2 0
0 7 0
0 1 0
0 2 0
0 1 0
0 8 0
0 8 0
0 3 0
1 7 7
1 2 14
1 4 56
1 2 112
1 7 784
1 1 784
1 2 1568
1 1 1568
1 8 12544
1 8 100352
1 3 301056
1 9 2709504
7 2 14
7 4 56
7 2 112
7 7 784
7 1 784
7 2 1568
7 1 1568
7 8 12544
7 8 100352
7 3 301056
7 9 2709504
7 9 24385536
2 4 8
2 2 16
2 7 112
2 1 112
2 2 224
2 1 224
2 8 1792
2 8 14336
2 3 43008
2 9 387072
2 9 3483648
2 8 27869184
4 2 8
4 7 56
4 1 56
4 2 112
4 1 112
4 8 896
4 8 7168
4 3 21504
4 9 193536
4 9 1741824
4 8 13934592
4 7 97542144
2 7 14
2 1 14
2 2 28
2 1 28
2 8 224
2 8 1792
2 3 5376
2 9 48384
2 9 435456
2 8 3483648
2 7 24385536
2 9 219469824
7 1 7
7 2 14
7 1 14
7 8 112
7 8 896
7 3 2688
7 9 24192
7 9 217728
7 8 1741824
7 7 12192768
7 9 109734912
7 7 768144384
1 2 2
1 1 2
1 8 16
1 8 128
1 3 384
1 9 3456
1 9 31104
1 8 248832
1 7 1741824
1 9 15676416
1 7 109734912
1 9 987614208
2 1 2
2 8 16
2 8 128
2 3 384
2 9 3456
2 9 31104
2 8 248832
2 7 1741824
2 9 15676416
2 7 109734912
2 9 987614208
2 0 0
1 8 8
1 8 64
1 3 192
1 9 1728
1 9 15552
1 8 124416
1 7 870912
1 9 7838208
1 7 54867456
1 9 493807104
1 0 0
1 8 0
8 8 64
8 3 192
8 9 1728
8 9 15552
8 8 124416
8 7 870912
8 9 7838208
8 7 54867456
8 9 493807104
8 0 0
8 8 0
8 7 0
8 3 24
8 9 216
8 9 1944
8 8 15552
8 7 108864
8 9 979776
8 7 6858432
8 9 61725888
8 0 0
8 8 0
8 7 0
8 9 0
3 9 27
3 9 243
3 8 1944
3 7 13608
3 9 122472
3 7 857304
3 9 7715736
3 0 0
3 8 0
3 7 0
3 9 0
3 2 0
9 9 81
9 8 648
9 7 4536
9 9 40824
9 7 285768
9 9 2571912
9 0 0
9 8 0
9 7 0
9 9 0
9 2 0
9 2 0
9 8 72
9 7 504
9 9 4536
9 7 31752
9 9 285768
9 0 0
9 8 0
9 7 0
9 9 0
9 2 0
9 2 0
9 7 0
8 7 56
8 9 504
8 7 3528
8 9 31752
8 0 0
8 8 0
8 7 0
8 9 0
8 2 0
8 2 0
8 7 0
8 4 0
7 9 63
7 7 441
7 9 3969
7 0 0
7 8 0
7 7 0
7 9 0
7 2 0
7 2 0
7 7 0
7 4 0
7 9 0
9 7 63
9 9 567
9 0 0
9 8 0
9 7 0
9 9 0
9 2 0
9 2 0
9 7 0
9 4 0
9 9 0
9 2 0
7 9 63
7 0 0
7 8 0
7 7 0
7 9 0
7 2 0
7 2 0
7 7 0
7 4 0
7 9 0
7 2 0
7 1 0
9 0 0
9 8 0
9 7 0
9 9 0
9 2 0
9 2 0
9 7 0
9 4 0
9 9 0
9 2 0
9 1 0
9 9 0
0 8 0
0 7 0
0 9 0
0 2 0
0 2 0
0 7 0
0 4 0
0 9 0
0 2 0
0 1 0
0 9 0
0 0 0
8 7 56
8 9 504
8 2 1008
8 2 2016
8 7 14112
8 4 56448
8 9 508032
8 2 1016064
8 1 1016064
8 9 9144576
8 0 0
8 1 0
7 9 63
7 2 126
7 2 252
7 7 1764
7 4 7056
7 9 63504
7 2 127008
7 1 127008
7 9 1143072
7 0 0
7 1 0
7 6 0
9 2 18
9 2 36
9 7 252
9 4 1008
9 9 9072
9 2 18144
9 1 18144
9 9 163296
9 0 0
9 1 0
9 6 0
9 9 0
2 2 4
2 7 28
2 4 112
2 9 1008
2 2 2016
2 1 2016
2 9 18144
2 0 0
2 1 0
2 6 0
2 9 0
2 9 0
2 7 14
2 4 56
2 9 504
2 2 1008
2 1 1008
2 9 9072
2 0 0
2 1 0
2 6 0
2 9 0
2 9 0
2 7 0
7 4 28
7 9 252
7 2 504
7 1 504
7 9 4536
7 0 0
7 1 0
7 6 0
7 9 0
7 9 0
7 7 0
7 2 0
4 9 36
4 2 72
4 1 72
4 9 648
4 0 0
4 1 0
4 6 0
4 9 0
4 9 0
4 7 0
4 2 0
4 0 0
9 2 18
9 1 18
9 9 162
9 0 0
9 1 0
9 6 0
9 9 0
9 9 0
9 7 0
9 2 0
9 0 0
9 8 0
2 1 2
2 9 18
2 0 0
2 1 0
2 6 0
2 9 0
2 9 0
2 7 0
2 2 0
2 0 0
2 8 0
2 8 0
1 9 9
1 0 0
1 1 0
1 6 0
1 9 0
1 9 0
1 7 0
1 2 0
1 0 0
1 8 0
1 8 0
1 8 0
9 0 0
9 1 0
9 6 0
9 9 0
9 9 0
9 7 0
9 2 0
9 0 0
9 8 0
9 8 0
9 8 0
9 0 0
0 1 0
0 6 0
0 9 0
0 9 0
0 7 0
0 2 0
0 0 0
0 8 0
0 8 0
0 8 0
0 0 0
0 9 0
1 6 6
1 9 54
1 9 486
1 7 3402
1 2 6804
1 0 0
1 8 0
1 8 0
1 8 0
1 0 0
1 9 0
1 3 0
6 9 54
6 9 486
6 7 3402
6 2 6804
6 0 0
6 8 0
6 8 0
6 8 0
6 0 0
6 9 0
6 3 0
6 7 0
9 9 81
9 7 567
9 2 1134
9 0 0
9 8 0
9 8 0
9 8 0
9 0 0
9 9 0
9 3 0
9 7 0
9 7 0
9 7 63
9 2 126
9 0 0
9 8 0
9 8 0
9 8 0
9 0 0
9 9 0
9 3 0
9 7 0
9 7 0
9 6 0
7 2 14
7 0 0
7 8 0
7 8 0
7 8 0
7 0 0
7 9 0
7 3 0
7 7 0
7 7 0
7 6 0
7 6 0
2 0 0
2 8 0
2 8 0
2 8 0
2 0 0
2 9 0
2 3 0
2 7 0
2 7 0
2 6 0
2 6 0
2 5 0
0 8 0
0 8 0
0 8 0
0 0 0
0 9 0
0 3 0
0 7 0
0 7 0
0 6 0
0 6 0
0 5 0
0 7 0
8 8 64
8 8 512
8 0 0
8 9 0
8 3 0
8 7 0
8 7 0
8 6 0
8 6 0
8 5 0
8 7 0
8 2 0
8 8 64
8 0 0
8 9 0
8 3 0
8 7 0
8 7 0
8 6 0
8 6 0
8 5 0
8 7 0
8 2 0
8 7 0
8 0 0
8 9 0
8 3 0
8 7 0
8 7 0
8 6 0
8 6 0
8 5 0
8 7 0
8 2 0
8 7 0
8 3 0
0 9 0
0 3 0
0 7 0
0 7 0
0 6 0
0 6 0
0 5 0
0 7 0
0 2 0
0 7 0
0 3 0
0 3 0
9 3 27
9 7 189
9 7 1323
9 6 7938
9 6 47628
9 5 238140
9 7 1666980
9 2 3333960
9 7 23337720
9 3 70013160
9 3 210039480
9 3 630118440
3 7 21
3 7 147
3 6 882
3 6 5292
3 5 26460
3 7 185220
3 2 370440
3 7 2593080
3 3 7779240
3 3 23337720
3 3 70013160
3 0 0
7 7 49
7 6 294
7 6 1764
7 5 8820
7 7 61740
7 2 123480
7 7 864360
7 3 2593080
7 3 7779240
7 3 23337720
7 0 0
7 0 0
7 6 42
7 6 252
7 5 1260
7 7 8820
7 2 17640
7 7 123480
7 3 370440
7 3 1111320
7 3 3333960
7 0 0
7 0 0
7 1 0
6 6 36
6 5 180
6 7 1260
6 2 2520
6 7 17640
6 3 52920
6 3 158760
6 3 476280
6 0 0
6 0 0
6 1 0
6 0 0
6 5 30
6 7 210
6 2 420
6 7 2940
6 3 8820
6 3 26460
6 3 79380
6 0 0
6 0 0
6 1 0
6 0 0
6 5 0
5 7 35
5 2 70
5 7 490
5 3 1470
5 3 4410
5 3 13230
5 0 0
5 0 0
5 1 0
5 0 0
5 5 0
5 3 0
7 2 14
7 7 98
7 3 294
7 3 882
7 3 2646
7 0 0
7 0 0
7 1 0
7 0 0
7 5 0
7 3 0
7 3 0
2 7 14
2 3 42
2 3 126
2 3 378
2 0 0
2 0 0
2 1 0
2 0 0
2 5 0
2 3 0
2 3 0
2 6 0
7 3 21
7 3 63
7 3 189
7 0 0
7 0 0
7 1 0
7 0 0
7 5 0
7 3 0
7 3 0
7 6 0
7 7 0
3 3 9
3 3 27
3 0 0
3 0 0
3 1 0
3 0 0
3 5 0
3 3 0
3 3 0
3 6 0
3 7 0
3 8 0
3 3 9
3 0 0
3 0 0
3 1 0
3 0 0
3 5 0
3 3 0
3 3 0
3 6 0
3 7 0
3 8 0
3 8 0
3 0 0
3 0 0
3 1 0
3 0 0
3 5 0
3 3 0
3 3 0
3 6 0
3 7 0
3 8 0
3 8 0
3 1 0
0 0 0
0 1 0
0 0 0
0 5 0
0 3 0
0 3 0
0 6 0
0 7 0
0 8 0
0 8 0
0 1 0
0 2 0
0 1 0
0 0 0
0 5 0
0 3 0
0 3 0
0 6 0
0 7 0
0 8 0
0 8 0
0 1 0
0 2 0
0 2 0
1 0 0
1 5 0
1 3 0
1 3 0
1 6 0
1 7 0
1 8 0
1 8 0
1 1 0
1 2 0
1 2 0
1 0 0
0 5 0
0 3 0
0 3 0
0 6 0
0 7 0
0 8 0
0 8 0
0 1 0
0 2 0
0 2 0
0 0 0
0 2 0
5 3 15
5 3 45
5 6 270
5 7 1890
5 8 15120
5 8 120960
5 1 120960
5 2 241920
5 2 483840
5 0 0
5 2 0
5 3 0
3 3 9
3 6 54
3 7 378
3 8 3024
3 8 24192
3 1 24192
3 2 48384
3 2 96768
3 0 0
3 2 0
3 3 0
3 5 0
3 6 18
3 7 126
3 8 1008
3 8 8064
3 1 8064
3 2 16128
3 2 32256
3 0 0
3 2 0
3 3 0
3 5 0
3 4 0
6 7 42
6 8 336
6 8 2688
6 1 2688
6 2 5376
6 2 10752
6 0 0
6 2 0
6 3 0
6 5 0
6 4 0
6 2 0
7 8 56
7 8 448
7 1 448
7 2 896
7 2 1792
7 0 0
7 2 0
7 3 0
7 5 0
7 4 0
7 2 0
7 1 0
8 8 64
8 1 64
8 2 128
8 2 256
8 0 0
8 2 0
8 3 0
8 5 0
8 4 0
8 2 0
8 1 0
8 8 0
8 1 8
8 2 16
8 2 32
8 0 0
8 2 0
8 3 0
8 5 0
8 4 0
8 2 0
8 1 0
8 8 0
8 0 0
1 2 2
1 2 4
1 0 0
1 2 0
1 3 0
1 5 0
1 4 0
1 2 0
1 1 0
1 8 0
1 0 0
1 9 0
2 2 4
2 0 0
2 2 0
2 3 0
2 5 0
2 4 0
2 2 0
2 1 0
2 8 0
2 0 0
2 9 0
2 7 0
2 0 0
2 2 0
2 3 0
2 5 0
2 4 0
2 2 0
2 1 0
2 8 0
2 0 0
2 9 0
2 7 0
2 5 0
0 2 0
0 3 0
0 5 0
0 4 0
0 2 0
0 1 0
0 8 0
0 0 0
0 9 0
0 7 0
0 5 0
0 1 0
2 3 6
2 5 30
2 4 120
2 2 240
2 1 240
2 8 1920
2 0 0
2 9 0
2 7 0
2 5 0
2 1 0
2 2 0
3 5 15
3 4 60
3 2 120
3 1 120
3 8 960
3 0 0
3 9 0
3 7 0
3 5 0
3 1 0
3 2 0
3 5 0
5 4 20
5 2 40
5 1 40
5 8 320
5 0 0
5 9 0
5 7 0
5 5 0
5 1 0
5 2 0
5 5 0
5 4 0
4 2 8
4 1 8
4 8 64
4 0 0
4 9 0
4 7 0
4 5 0
4 1 0
4 2 0
4 5 0
4 4 0
4 5 0
2 1 2
2 8 16
2 0 0
2 9 0
2 7 0
2 5 0
2 1 0
2 2 0
2 5 0
2 4 0
2 5 0
2 4 0
1 8 8
1 0 0
1 9 0
1 7 0
1 5 0
1 1 0
1 2 0
1 5 0
1 4 0
1 5 0
1 4 0
1 0 0
8 0 0
8 9 0
8 7 0
8 5 0
8 1 0
8 2 0
8 5 0
8 4 0
8 5 0
8 4 0
8 0 0
8 5 0
0 9 0
0 7 0
0 5 0
0 1 0
0 2 0
0 5 0
0 4 0
0 5 0
0 4 0
0 0 0
0 5 0
0 9 0
9 7 63
9 5 315
9 1 315
9 2 630
9 5 3150
9 4 12600
9 5 63000
9 4 252000
9 0 0
9 5 0
9 9 0
9 4 0
7 5 35
7 1 35
7 2 70
7 5 350
7 4 1400
7 5 7000
7 4 28000
7 0 0
7 5 0
7 9 0
7 4 0
7 7 0
5 1 5
5 2 10
5 5 50
5 4 200
5 5 1000
5 4 4000
5 0 0
5 5 0
5 9 0
5 4 0
5 7 0
5 5 0
1 2 2
1 5 10
1 4 40
1 5 200
1 4 800
1 0 0
1 5 0
1 9 0
1 4 0
1 7 0
1 5 0
1 2 0
2 5 10
2 4 40
2 5 200
2 4 800
2 0 0
2 5 0
2 9 0
2 4 0
2 7 0
2 5 0
2 2 0
2 2 0
5 4 20
5 5 100
5 4 400
5 0 0
5 5 0
5 9 0
5 4 0
5 7 0
5 5 0
5 2 0
5 2 0
5 4 0
4 5 20
4 4 80
4 0 0
4 5 0
4 9 0
4 4 0
4 7 0
4 5 0
4 2 0
4 2 0
4 4 0
4 3 0
5 4 20
5 0 0
5 5 0
5 9 0
5 4 0
5 7 0
5 5 0
5 2 0
5 2 0
5 4 0
5 3 0
5 5 0
4 0 0
4 5 0
4 9 0
4 4 0
4 7 0
4 5 0
4 2 0
4 2 0
4 4 0
4 3 0
4 5 0
4 2 0
0 5 0
0 9 0
0 4 0
0 7 0
0 5 0
0 2 0
0 2 0
0 4 0
0 3 0
0 5 0
0 2 0
0 5 0
5 9 45
5 4 180
5 7 1260
5 5 6300
5 2 12600
5 2 25200
5 4 100800
5 3 302400
5 5 1512000
5 2 3024000
5 5 15120000
5 8 120960000
9 4 36
9 7 252
9 5 1260
9 2 2520
9 2 5040
9 4 20160
9 3 60480
9 5 302400
9 2 604800
9 5 3024000
9 8 24192000
9 4 96768000
4 7 28
4 5 140
4 2 280
4 2 560
4 4 2240
4 3 6720
4 5 33600
4 2 67200
4 5 336000
4 8 2688000
4 4 10752000
4 9 96768000
7 5 35
7 2 70
7 2 140
7 4 560
7 3 1680
7 5 8400
7 2 16800
7 5 84000
7 8 672000
7 4 2688000
7 9 24192000
7 0 0
5 2 10
5 2 20
5 4 80
5 3 240
5 5 1200
5 2 2400
5 5 12000
5 8 96000
5 4 384000
5 9 3456000
5 0 0
5 7 0
2 2 4
2 4 16
2 3 48
2 5 240
2 2 480
2 5 2400
2 8 19200
2 4 76800
2 9 691200
2 0 0
2 7 0
2 7 0
2 4 8
2 3 24
2 5 120
2 2 240
2 5 1200
2 8 9600
2 4 38400
2 9 345600
2 0 0
2 7 0
2 7 0
2 1 0
4 3 12
4 5 60
4 2 120
4 5 600
4 8 4800
4 4 19200
4 9 172800
4 0 0
4 7 0
4 7 0
4 1 0
4 1 0
3 5 15
3 2 30
3 5 150
3 8 1200
3 4 4800
3 9 43200
3 0 0
3 7 0
3 7 0
3 1 0
3 1 0
3 6 0
5 2 10
5 5 50
5 8 400
5 4 1600
5 9 14400
5 0 0
5 7 0
5 7 0
5 1 0
5 1 0
5 6 0
5 7 0
2 5 10
2 8 80
2 4 320
2 9 2880
2 0 0
2 7 0
2 7 0
2 1 0
2 1 0
2 6 0
2 7 0
2 0 0
5 8 40
5 4 160
5 9 1440
5 0 0
5 7 0
5 7 0
5 1 0
5 1 0
5 6 0
5 7 0
5 0 0
5 5 0
8 4 32
8 9 288
8 0 0
8 7 0
8 7 0
8 1 0
8 1 0
8 6 0
8 7 0
8 0 0
8 5 0
8 5 0
4 9 36
4 0 0
4 7 0
4 7 0
4 1 0
4 1 0
4 6 0
4 7 0
4 0 0
4 5 0
4 5 0
4 6 0
9 0 0
9 7 0
9 7 0
9 1 0
9 1 0
9 6 0
9 7 0
9 0 0
9 5 0
9 5 0
9 6 0
9 0 0
0 7 0
0 7 0
0 1 0
0 1 0
0 6 0
0 7 0
0 0 0
0 5 0
0 5 0
0 6 0
0 0 0
0 1 0
7 7 49
7 1 49
7 1 49
7 6 294
7 7 2058
7 0 0
7 5 0
7 5 0
7 6 0
7 0 0
7 1 0
7 3 0
7 1 7
7 1 7
7 6 42
7 7 294
7 0 0
7 5 0
7 5 0
7 6 0
7 0 0
7 1 0
7 3 0
7 6 0
1 1 1
1 6 6
1 7 42
1 0 0
1 5 0
1 5 0
1 6 0
1 0 0
1 1 0
1 3 0
1 6 0
1 0 0
1 6 6
1 7 42
1 0 0
1 5 0
1 5 0
1 6 0
1 0 0
1 1 0
1 3 0
1 6 0
1 0 0
1 4 0
6 7 42
6 0 0
6 5 0
6 5 0
6 6 0
6 0 0
6 1 0
6 3 0
6 6 0
6 0 0
6 4 0
6 8 0
7 0 0
7 5 0
7 5 0
7 6 0
7 0 0
7 1 0
7 3 0
7 6 0
7 0 0
7 4 0
7 8 0
7 3 0
0 5 0
0 5 0
0 6 0
0 0 0
0 1 0
0 3 0
0 6 0
0 0 0
0 4 0
0 8 0
0 3 0
0 9 0
5 5 25
5 6 150
5 0 0
5 1 0
5 3 0
5 6 0
5 0 0
5 4 0
5 8 0
5 3 0
5 9 0
5 5 0
5 6 30
5 0 0
5 1 0
5 3 0
5 6 0
5 0 0
5 4 0
5 8 0
5 3 0
5 9 0
5 5 0
5 8 0
6 0 0
6 1 0
6 3 0
6 6 0
6 0 0
6 4 0
6 8 0
6 3 0
6 9 0
6 5 0
6 8 0
6 6 0
0 1 0
0 3 0
0 6 0
0 0 0
0 4 0
0 8 0
0 3 0
0 9 0
0 5 0
0 8 0
0 6 0
0 4 0
1 3 3
1 6 18
1 0 0
1 4 0
1 8 0
1 3 0
1 9 0
1 5 0
1 8 0
1 6 0
1 4 0
1 4 0
3 6 18
3 0 0
3 4 0
3 8 0
3 3 0
3 9 0
3 5 0
3 8 0
3 6 0
3 4 0
3 4 0
3 6 0
6 0 0
6 4 0
6 8 0
6 3 0
6 9 0
6 5 0
6 8 0
6 6 0
6 4 0
6 4 0
6 6 0
6 7 0
0 4 0
0 8 0
0 3 0
0 9 0
0 5 0
0 8 0
0 6 0
0 4 0
0 4 0
0 6 0
0 7 0
0 0 0
4 8 32
4 3 96
4 9 864
4 5 4320
4 8 34560
4 6 207360
4 4 829440
4 4 3317760
4 6 19906560
4 7 139345920
4 0 0
4 6 0
8 3 24
8 9 216
8 5 1080
8 8 8640
8 6 51840
8 4 207360
8 4 829440
8 6 4976640
8 7 34836480
8 0 0
8 6 0
8 3 0
3 9 27
3 5 135
3 8 1080
3 6 6480
3 4 25920
3 4 103680
3 6 622080
3 7 4354560
3 0 0
3 6 0
3 3 0
3 2 0
9 5 45
9 8 360
9 6 2160
9 4 8640
9 4 34560
9 6 207360
9 7 1451520
9 0 0
9 6 0
9 3 0
9 2 0
9 4 0
5 8 40
5 6 240
5 4 960
5 4 3840
5 6 23040
5 7 161280
5 0 0
5 6 0
5 3 0
5 2 0
5 4 0
5 4 0
8 6 48
8 4 192
8 4 768
8 6 4608
8 7 32256
8 0 0
8 6 0
8 3 0
8 2 0
8 4 0
8 4 0
8 1 0
6 4 24
6 4 96
6 6 576
6 7 4032
6 0 0
6 6 0
6 3 0
6 2 0
6 4 0
6 4 0
6 1 0
6 5 0
4 4 16
4 6 96
4 7 672
4 0 0
4 6 0
4 3 0
4 2 0
4 4 0
4 4 0
4 1 0
4 5 0
4 7 0
4 6 24
4 7 168
4 0 0
4 6 0
4 3 0
4 2 0
4 4 0
4 4 0
4 1 0
4 5 0
4 7 0
4 2 0
6 7 42
6 0 0
6 6 0
6 3 0
6 2 0
6 4 0
6 4 0
6 1 0
6 5 0
6 7 0
6 2 0
6 2 0
7 0 0
7 6 0
7 3 0
7 2 0
7 4 0
7 4 0
7 1 0
7 5 0
7 7 0
7 2 0
7 2 0
7 1 0
0 6 0
0 3 0
0 2 0
0 4 0
0 4 0
0 1 0
0 5 0
0 7 0
0 2 0
0 2 0
0 1 0
0 5 0
6 3 18
6 2 36
6 4 144
6 4 576
6 1 576
6 5 2880
6 7 20160
6 2 40320
6 2 80640
6 1 80640
6 5 403200
6 5 2016000
3 2 6
3 4 24
3 4 96
3 1 96
3 5 480
3 7 3360
3 2 6720
3 2 13440
3 1 13440
3 5 67200
3 5 336000
3 3 1008000
2 4 8
2 4 32
2 1 32
2 5 160
2 7 1120
2 2 2240
2 2 4480
2 1 4480
2 5 22400
2 5 112000
2 3 336000
2 9 3024000
4 4 16
4 1 16
4 5 80
4 7 560
4 2 1120
4 2 2240
4 1 2240
4 5 11200
4 5 56000
4 3 168000
4 9 1512000
4 7 10584000
4 1 4
4 5 20
4 7 140
4 2 280
4 2 560
4 1 560
4 5 2800
4 5 14000
4 3 42000
4 9 378000
4 7 2646000
4 5 13230000
1 5 5
1 7 35
1 2 70
1 2 140
1 1 140
1 5 700
1 5 3500
1 3 10500
1 9 94500
1 7 661500
1 5 3307500
1 3 9922500
5 7 35
5 2 70
5 2 140
5 1 140
5 5 700
5 5 3500
5 3 10500
5 9 94500
5 7 661500
5 5 3307500
5 3 9922500
5 6 59535000
7 2 14
7 2 28
7 1 28
7 5 140
7 5 700
7 3 2100
7 9 18900
7 7 132300
7 5 661500
7 3 1984500
7 6 11907000
7 9 107163000
2 2 4
2 1 4
2 5 20
2 5 100
2 3 300
2 9 2700
2 7 18900
2 5 94500
2 3 283500
2 6 1701000
2 9 15309000
2 7 107163000
2 1 2
2 5 10
2 5 50
2 3 150
2 9 1350
2 7 9450
2 5 47250
2 3 141750
2 6 850500
2 9 7654500
2 7 53581500
2 8 428652000
1 5 5
1 5 25
1 3 75
1 9 675
1 7 4725
1 5 23625
1 3 70875
1 6 425250
1 9 3827250
1 7 26790750
1 8 214326000
1 1 214326000
5 5 25
5 3 75
5 9 675
5 7 4725
5 5 23625
5 3 70875
5 6 425250
5 9 3827250
5 7 26790750
5 8 214326000
5 1 214326000
5 7 1500282000
5 3 15
5 9 135
5 7 945
5 5 4725
5 3 14175
5 6 85050
5 9 765450
5 7 5358150
5 8 42865200
5 1 42865200
5 7 300056400
5 9 2700507600
3 9 27
3 7 189
3 5 945
3 3 2835
3 6 17010
3 9 153090
3 7 1071630
3 8 8573040
3 1 8573040
3 7 60011280
3 9 540101520
3 7 3780710640
9 7 63
9 5 315
9 3 945
9 6 5670
9 9 51030
9 7 357210
9 8 2857680
9 1 2857680
9 7 20003760
9 9 180033840
9 7 1260236880
9 7 8821658160
7 5 35
7 3 105
7 6 630
7 9 5670
7 7 39690
7 8 317520
7 1 317520
7 7 2222640
7 9 20003760
7 7 140026320
7 7 980184240
7 8 7841473920
5 3 15
5 6 90
5 9 810
5 7 5670
5 8 45360
5 1 45360
5 7 317520
5 9 2857680
5 7 20003760
5 7 140026320
5 8 1120210560
5 4 4480842240
3 6 18
3 9 162
3 7 1134
3 8 9072
3 1 9072
3 7 63504
3 9 571536
3 7 4000752
3 7 28005264
3 8 224042112
3 4 896168448
3 6 5377010688
6 9 54
6 7 378
6 8 3024
6 1 3024
6 7 21168
6 9 190512
6 7 1333584
6 7 9335088
6 8 74680704
6 4 298722816
6 6 1792336896
6 1 1792336896
9 7 63
9 8 504
9 1 504
9 7 3528
9 9 31752
9 7 222264
9 7 1555848
9 8 12446784
9 4 49787136
9 6 298722816
9 1 298722816
9 7 2091059712
7 8 56
7 1 56
7 7 392
7 9 3528
7 7 24696
7 7 172872
7 8 1382976
7 4 5531904
7 6 33191424
7 1 33191424
7 7 232339968
7 4 929359872
8 1 8
8 7 56
8 9 504
8 7 3528
8 7 24696
8 8 197568
8 4 790272
8 6 4741632
8 1 4741632
8 7 33191424
8 4 132765696
8 0 0
1 7 7
1 9 63
1 7 441
1 7 3087
1 8 24696
1 4 98784
1 6 592704
1 1 592704
1 7 4148928
1 4 16595712
1 0 0
1 6 0
7 9 63
7 7 441
7 7 3087
7 8 24696
7 4 98784
7 6 592704
7 1 592704
7 7 4148928
7 4 16595712
7 0 0
7 6 0
7 4 0
9 7 63
9 7 441
9 8 3528
9 4 14112
9 6 84672
9 1 84672
9 7 592704
9 4 2370816
9 0 0
9 6 0
9 4 0
9 9 0
7 7 49
7 8 392
7 4 1568
7 6 9408
7 1 9408
7 7 65856
7 4 263424
7 0 0
7 6 0
7 4 0
7 9 0
7 5 0
7 8 56
7 4 224
7 6 1344
7 1 1344
7 7 9408
7 4 37632
7 0 0
7 6 0
7 4 0
7 9 0
7 5 0
7 5 0
8 4 32
8 6 192
8 1 192
8 7 1344
8 4 5376
8 0 0
8 6 0
8 4 0
8 9 0
8 5 0
8 5 0
8 1 0
4 6 24
4 1 24
4 7 168
4 4 672
4 0 0
4 6 0
4 4 0
4 9 0
4 5 0
4 5 0
4 1 0
4 4 0
6 1 6
6 7 42
6 4 168
6 0 0
6 6 0
6 4 0
6 9 0
6 5 0
6 5 0
6 1 0
6 4 0
6 9 0
1 7 7
1 4 28
1 0 0
1 6 0
1 4 0
1 9 0
1 5 0
1 5 0
1 1 0
1 4 0
1 9 0
1 2 0
7 4 28
7 0 0
7 6 0
7 4 0
7 9 0
7 5 0
7 5 0
7 1 0
7 4 0
7 9 0
7 2 0
7 9 0
4 0 0
4 6 0
4 4 0
4 9 0
4 5 0
4 5 0
4 1 0
4 4 0
4 9 0
4 2 0
4 9 0
4 0 0
0 6 0
0 4 0
0 9 0
0 5 0
0 5 0
0 1 0
0 4 0
0 9 0
0 2 0
0 9 0
0 0 0
0 8 0
6 4 24
6 9 216
6 5 1080
6 5 5400
6 1 5400
6 4 21600
6 9 194400
6 2 388800
6 9 3499200
6 0 0
6 8 0
6 6 0
4 9 36
4 5 180
4 5 900
4 1 900
4 4 3600
4 9 32400
4 2 64800
4 9 583200
4 0 0
4 8 0
4 6 0
4 2 0
9 5 45
9 5 225
9 1 225
9 4 900
9 9 8100
9 2 16200
9 9 145800
9 0 0
9 8 0
9 6 0
9 2 0
9 5 0
5 5 25
5 1 25
5 4 100
5 9 900
5 2 1800
5 9 16200
5 0 0
5 8 0
5 6 0
5 2 0
5 5 0
5 6 0
5 1 5
5 4 20
5 9 180
5 2 360
5 9 3240
5 0 0
5 8 0
5 6 0
5 2 0
5 5 0
5 6 0
5 9 0
1 4 4
1 9 36
1 2 72
1 9 648
1 0 0
1 8 0
1 6 0
1 2 0
1 5 0
1 6 0
1 9 0
1 3 0
4 9 36
4 2 72
4 9 648
4 0 0
4 8 0
4 6 0
4 2 0
4 5 0
4 6 0
4 9 0
4 3 0
4 2 0
9 2 18
9 9 162
9 0 0
9 8 0
9 6 0
9 2 0
9 5 0
9 6 0
9 9 0
9 3 0
9 2 0
9 1 0
2 9 18
2 0 0
2 8 0
2 6 0
2 2 0
2 5 0
2 6 0
2 9 0
2 3 0
2 2 0
2 1 0
2 9 0
9 0 0
9 8 0
9 6 0
9 2 0
9 5 0
9 6 0
9 9 0
9 3 0
9 2 0
9 1 0
9 9 0
9 7 0
0 8 0
0 6 0
0 2 0
0 5 0
0 6 0
0 9 0
0 3 0
0 2 0
0 1 0
0 9 0
0 7 0
0 8 0
8 6 48
8 2 96
8 5 480
8 6 2880
8 9 25920
8 3 77760
8 2 155520
8 1 155520
8 9 1399680
8 7 9797760
8 8 78382080
8 4 313528320
6 2 12
6 5 60
6 6 360
6 9 3240
6 3 9720
6 2 19440
6 1 19440
6 9 174960
6 7 1224720
6 8 9797760
6 4 39191040
6 6 235146240
2 5 10
2 6 60
2 9 540
2 3 1620
2 2 3240
2 1 3240
2 9 29160
2 7 204120
2 8 1632960
2 4 6531840
2 6 39191040
2 8 313528320
5 6 30
5 9 270
5 3 810
5 2 1620
5 1 1620
5 9 14580
5 7 102060
5 8 816480
5 4 3265920
5 6 19595520
5 8 156764160
5 6 940584960
6 9 54
6 3 162
6 2 324
6 1 324
6 9 2916
6 7 20412
6 8 163296
6 4 653184
6 6 3919104
6 8 31352832
6 6 188116992
6 2 376233984
9 3 27
9 2 54
9 1 54
9 9 486
9 7 3402
9 8 27216
9 4 108864
9 6 653184
9 8 5225472
9 6 31352832
9 2 62705664
9 2 125411328
3 2 6
3 1 6
3 9 54
3 7 378
3 8 3024
3 4 12096
3 6 72576
3 8 580608
3 6 3483648
3 2 6967296
3 2 13934592
3 4 55738368
2 1 2
2 9 18
2 7 126
2 8 1008
2 4 4032
2 6 24192
2 8 193536
2 6 1161216
2 2 2322432
2 2 4644864
2 4 18579456
2 8 148635648
1 9 9
1 7 63
1 8 504
1 4 2016
1 6 12096
1 8 96768
1 6 580608
1 2 1161216
1 2 2322432
1 4 9289728
1 8 74317824
1 2 148635648
9 7 63
9 8 504
9 4 2016
9 6 12096
9 8 96768
9 6 580608
9 2 1161216
9 2 2322432
9 4 9289728
9 8 74317824
9 2 148635648
9 8 1189085184
7 8 56
7 4 224
7 6 1344
7 8 10752
7 6 64512
7 2 129024
7 2 258048
7 4 1032192
7 8 8257536
7 2 16515072
7 8 132120576
7 3 396361728
8 4 32
8 6 192
8 8 1536
8 6 9216
8 2 18432
8 2 36864
8 4 147456
8 8 1179648
8 2 2359296
8 8 18874368
8 3 56623104
8 9 509607936
4 6 24
4 8 192
4 6 1152
4 2 2304
4 2 4608
4 4 18432
4 8 147456
4 2 294912
4 8 2359296
4 3 7077888
4 9 63700992
4 7 445906944
6 8 48
6 6 288
6 2 576
6 2 1152
6 4 4608
6 8 36864
6 2 73728
6 8 589824
6 3 1769472
6 9 15925248
6 7 111476736
6 2 222953472
8 6 48
8 2 96
8 2 192
8 4 768
8 8 6144
8 2 12288
8 8 98304
8 3 294912
8 9 2654208
8 7 18579456
8 2 37158912
8 2 74317824
6 2 12
6 2 24
6 4 96
6 8 768
6 2 1536
6 8 12288
6 3 36864
6 9 331776
6 7 2322432
6 2 4644864
6 2 9289728
6 4 37158912
2 2 4
2 4 16
2 8 128
2 2 256
2 8 2048
2 3 6144
2 9 55296
2 7 387072
2 2 774144
2 2 1548288
2 4 6193152
2 1 6193152
2 4 8
2 8 64
2 2 128
2 8 1024
2 3 3072
2 9 27648
2 7 193536
2 2 387072
2 2 774144
2 4 3096576
2 1 3096576
2 3 9289728
4 8 32
4 2 64
4 8 512
4 3 1536
4 9 13824
4 7 96768
4 2 193536
4 2 387072
4 4 1548288
4 1 1548288
4 3 4644864
4 7 32514048
8 2 16
8 8 128
8 3 384
8 9 3456
8 7 24192
8 2 48384
8 2 96768
8 4 387072
8 1 387072
8 3 1161216
8 7 8128512
8 5 40642560
2 8 16
2 3 48
2 9 432
2 7 3024
2 2 6048
2 2 12096
2 4 48384
2 1 48384
2 3 145152
2 7 1016064
2 5 5080320
2 6 30481920
8 3 24
8 9 216
8 7 1512
8 2 3024
8 2 6048
8 4 24192
8 1 24192
8 3 72576
8 7 508032
8 5 2540160
8 6 15240960
8 5 76204800
3 9 27
3 7 189
3 2 378
3 2 756
3 4 3024
3 1 3024
3 3 9072
3 7 63504
3 5 317520
3 6 1905120
3 5 9525600
3 7 66679200
9 7 63
9 2 126
9 2 252
9 4 1008
9 1 1008
9 3 3024
9 7 21168
9 5 105840
9 6 635040
9 5 3175200
9 7 22226400
9 0 0
7 2 14
7 2 28
7 4 112
7 1 112
7 3 336
7 7 2352
7 5 11760
7 6 70560
7 5 352800
7 7 2469600
7 0 0
7 5 0
2 2 4
2 4 16
2 1 16
2 3 48
2 7 336
2 5 1680
2 6 10080
2 5 50400
2 7 352800
2 0 0
2 5 0
2 6 0
2 4 8
2 1 8
2 3 24
2 7 168
2 5 840
2 6 5040
2 5 25200
2 7 176400
2 0 0
2 5 0
2 6 0
2 0 0
4 1 4
4 3 12
4 7 84
4 5 420
4 6 2520
4 5 12600
4 7 88200
4 0 0
4 5 0
4 6 0
4 0 0
4 5 0
1 3 3
1 7 21
1 5 105
1 6 630
1 5 3150
1 7 22050
1 0 0
1 5 0
1 6 0
1 0 0
1 5 0
1 7 0
3 7 21
3 5 105
3 6 630
3 5 3150
3 7 22050
3 0 0
3 5 0
3 6 0
3 0 0
3 5 0
3 7 0
3 4 0
7 5 35
7 6 210
7 5 1050
7 7 7350
7 0 0
7 5 0
7 6 0
7 0 0
7 5 0
7 7 0
7 4 0
7 9 0
5 6 30
5 5 150
5 7 1050
5 0 0
5 5 0
5 6 0
5 0 0
5 5 0
5 7 0
5 4 0
5 9 0
5 0 0
6 5 30
6 7 210
6 0 0
6 5 0
6 6 0
6 0 0
6 5 0
6 7 0
6 4 0
6 9 0
6 0 0
6 2 0
5 7 35
5 0 0
5 5 0
5 6 0
5 0 0
5 5 0
5 7 0
5 4 0
5 9 0
5 0 0
5 2 0
5 6 0
7 0 0
7 5 0
7 6 0
7 0 0
7 5 0
7 7 0
7 4 0
7 9 0
7 0 0
7 2 0
7 6 0
7 1 0
0 5 0
0 6 0
0 0 0
0 5 0
0 7 0
0 4 0
0 9 0
0 0 0
0 2 0
0 6 0
0 1 0
0 4 0
5 6 30
5 0 0
5 5 0
5 7 0
5 4 0
5 9 0
5 0 0
5 2 0
5 6 0
5 1 0
5 4 0
5 0 0
6 0 0
6 5 0
6 7 0
6 4 0
6 9 0
6 0 0
6 2 0
6 6 0
6 1 0
6 4 0
6 0 0
6 7 0
0 5 0
0 7 0
0 4 0
0 9 0
0 0 0
0 2 0
0 6 0
0 1 0
0 4 0
0 0 0
0 7 0
0 9 0
5 7 35
5 4 140
5 9 1260
5 0 0
5 2 0
5 6 0
5 1 0
5 4 0
5 0 0
5 7 0
5 9 0
5 7 0
7 4 28
7 9 252
7 0 0
7 2 0
7 6 0
7 1 0
7 4 0
7 0 0
7 7 0
7 9 0
7 7 0
7 2 0
4 9 36
4 0 0
4 2 0
4 6 0
4 1 0
4 4 0
4 0 0
4 7 0
4 9 0
4 7 0
4 2 0
4 9 0
9 0 0
9 2 0
9 6 0
9 1 0
9 4 0
9 0 0
9 7 0
9 9 0
9 7 0
9 2 0
9 9 0
9 6 0
0 2 0
0 6 0
0 1 0
0 4 0
0 0 0
0 7 0
0 9 0
0 7 0
0 2 0
0 9 0
0 6 0
0 8 0
2 6 12
2 1 12
2 4 48
2 0 0
2 7 0
2 9 0
2 7 0
2 2 0
2 9 0
2 6 0
2 8 0
2 6 0
6 1 6
6 4 24
6 0 0
6 7 0
6 9 0
6 7 0
6 2 0
6 9 0
6 6 0
6 8 0
6 6 0
6 5 0
1 4 4
1 0 0
1 7 0
1 9 0
1 7 0
1 2 0
1 9 0
1 6 0
1 8 0
1 6 0
1 5 0
1 2 0
4 0 0
4 7 0
4 9 0
4 7 0
4 2 0
4 9 0
4 6 0
4 8 0
4 6 0
4 5 0
4 2 0
4 4 0
0 7 0
0 9 0
0 7 0
0 2 0
0 9 0
0 6 0
0 8 0
0 6 0
0 5 0
0 2 0
0 4 0
0 1 0
7 9 63
7 7 441
7 2 882
7 9 7938
7 6 47628
7 8 381024
7 6 2286144
7 5 11430720
7 2 22861440
7 4 91445760
7 1 91445760
7 4 365783040
9 7 63
9 2 126
9 9 1134
9 6 6804
9 8 54432
9 6 326592
9 5 1632960
9 2 3265920
9 4 13063680
9 1 13063680
9 4 52254720
9 5 261273600
7 2 14
7 9 126
7 6 756
7 8 6048
7 6 36288
7 5 181440
7 2 362880
7 4 1451520
7 1 1451520
7 4 5806080
7 5 29030400
7 3 87091200
2 9 18
2 6 108
2 8 864
2 6 5184
2 5 25920
2 2 51840
2 4 207360
2 1 207360
2 4 829440
2 5 4147200
2 3 12441600
2 5 62208000
9 6 54
9 8 432
9 6 2592
9 5 12960
9 2 25920
9 4 103680
9 1 103680
9 4 414720
9 5 2073600
9 3 6220800
9 5 31104000
9 1 31104000
6 8 48
6 6 288
6 5 1440
6 2 2880
6 4 11520
6 1 11520
6 4 46080
6 5 230400
6 3 691200
6 5 3456000
6 1 3456000
6 0 0
8 6 48
8 5 240
8 2 480
8 4 1920
8 1 1920
8 4 7680
8 5 38400
8 3 115200
8 5 576000
8 1 576000
8 0 0
8 0 0
6 5 30
6 2 60
6 4 240
6 1 240
6 4 960
6 5 4800
6 3 14400
6 5 72000
6 1 72000
6 0 0
6 0 0
6 4 0
5 2 10
5 4 40
5 1 40
5 4 160
5 5 800
5 3 2400
5 5 12000
5 1 12000
5 0 0
5 0 0
5 4 0
5 7 0
2 4 8
2 1 8
2 4 32
2 5 160
2 3 480
2 5 2400
2 1 2400
2 0 0
2 0 0
2 4 0
2 7 0
2 4 0
4 1 4
4 4 16
4 5 80
4 3 240
4 5 1200
4 1 1200
4 0 0
4 0 0
4 4 0
4 7 0
4 4 0
4 8 0
1 4 4
1 5 20
1 3 60
1 5 300
1 1 300
1 0 0
1 0 0
1 4 0
1 7 0
1 4 0
1 8 0
1 2 0
4 5 20
4 3 60
4 5 300
4 1 300
4 0 0
4 0 0
4 4 0
4 7 0
4 4 0
4 8 0
4 2 0
4 1 0
5 3 15
5 5 75
5 1 75
5 0 0
5 0 0
5 4 0
5 7 0
5 4 0
5 8 0
5 2 0
5 1 0
5 6 0
3 5 15
3 1 15
3 0 0
3 0 0
3 4 0
3 7 0
3 4 0
3 8 0
3 2 0
3 1 0
3 6 0
3 6 0
5 1 5
5 0 0
5 0 0
5 4 0
5 7 0
5 4 0
5 8 0
5 2 0
5 1 0
5 6 0
5 6 0
5 3 0
1 0 0
1 0 0
1 4 0
1 7 0
1 4 0
1 8 0
1 2 0
1 1 0
1 6 0
1 6 0
1 3 0
1 7 0
0 0 0
0 4 0
0 7 0
0 4 0
0 8 0
0 2 0
0 1 0
0 6 0
0 6 0
0 3 0
0 7 0
0 0 0
0 4 0
0 7 0
0 4 0
0 8 0
0 2 0
0 1 0
0 6 0
0 6 0
0 3 0
0 7 0
0 0 0
0 4 0
4 7 28
4 4 112
4 8 896
4 2 1792
4 1 1792
4 6 10752
4 6 64512
4 3 193536
4 7 1354752
4 0 0
4 4 0
4 8 0
7 4 28
7 8 224
7 2 448
7 1 448
7 6 2688
7 6 16128
7 3 48384
7 7 338688
7 0 0
7 4 0
7 8 0
7 4 0
4 8 32
4 2 64
4 1 64
4 6 384
4 6 2304
4 3 6912
4 7 48384
4 0 0
4 4 0
4 8 0
4 4 0
4 4 0
8 2 16
8 1 16
8 6 96
8 6 576
8 3 1728
8 7 12096
8 0 0
8 4 0
8 8 0
8 4 0
8 4 0
8 0 0
2 1 2
2 6 12
2 6 72
2 3 216
2 7 1512
2 0 0
2 4 0
2 8 0
2 4 0
2 4 0
2 0 0
2 3 0
1 6 6
1 6 36
1 3 108
1 7 756
1 0 0
1 4 0
1 8 0
1 4 0
1 4 0
1 0 0
1 3 0
1 1 0
6 6 36
6 3 108
6 7 756
6 0 0
6 4 0
6 8 0
6 4 0
6 4 0
6 0 0
6 3 0
6 1 0
6 9 0
6 3 18
6 7 126
6 0 0
6 4 0
6 8 0
6 4 0
6 4 0
6 0 0
6 3 0
6 1 0
6 9 0
6 9 0
3 7 21
3 0 0
3 4 0
3 8 0
3 4 0
3 4 0
3 0 0
3 3 0
3 1 0
3 9 0
3 9 0
3 8 0
7 0 0
7 4 0
7 8 0
7 4 0
7 4 0
7 0 0
7 3 0
7 1 0
7 9 0
7 9 0
7 8 0
7 9 0
0 4 0
0 8 0
0 4 0
0 4 0
0 0 0
0 3 0
0 1 0
0 9 0
0 9 0
0 8 0
0 9 0
0 0 0
4 8 32
4 4 128
4 4 512
4 0 0
4 3 0
4 1 0
4 9 0
4 9 0
4 8 0
4 9 0
4 0 0
4 0 0
8 4 32
8 4 128
8 0 0
8 3 0
8 1 0
8 9 0
8 9 0
8 8 0
8 9 0
8 0 0
8 0 0
8 0 0
4 4 16
4 0 0
4 3 0
4 1 0
4 9 0
4 9 0
4 8 0
4 9 0
4 0 0
4 0 0
4 0 0
4 8 0
4 0 0
4 3 0
4 1 0
4 9 0
4 9 0
4 8 0
4 9 0
4 0 0
4 0 0
4 0 0
4 8 0
4 8 0
0 3 0
0 1 0
0 9 0
0 9 0
0 8 0
0 9 0
0 0 0
0 0 0
0 0 0
0 8 0
0 8 0
0 9 0
3 1 3
3 9 27
3 9 243
3 8 1944
3 9 17496
3 0 0
3 0 0
3 0 0
3 8 0
3 8 0
3 9 0
3 5 0
1 9 9
1 9 81
1 8 648
1 9 5832
1 0 0
1 0 0
1 0 0
1 8 0
1 8 0
1 9 0
1 5 0
1 2 0
9 9 81
9 8 648
9 9 5832
9 0 0
9 0 0
9 0 0
9 8 0
9 8 0
9 9 0
9 5 0
9 2 0
9 4 0
9 8 72
9 9 648
9 0 0
9 0 0
9 0 0
9 8 0
9 8 0
9 9 0
9 5 0
9 2 0
9 4 0
9 3 0
8 9 72
8 0 0
8 0 0
8 0 0
8 8 0
8 8 0
8 9 0
8 5 0
8 2 0
8 4 0
8 3 0
8 4 0
9 0 0
9 0 0
9 0 0
9 8 0
9 8 0
9 9 0
9 5 0
9 2 0
9 4 0
9 3 0
9 4 0
9 5 0
0 0 0
0 0 0
0 8 0
0 8 0
0 9 0
0 5 0
0 2 0
0 4 0
0 3 0
0 4 0
0 5 0
0 0 0
0 0 0
0 8 0
0 8 0
0 9 0
0 5 0
0 2 0
0 4 0
0 3 0
0 4 0
0 5 0
0 0 0
0 6 0
0 8 0
0 8 0
0 9 0
0 5 0
0 2 0
0 4 0
0 3 0
0 4 0
0 5 0
0 0 0
0 6 0
0 5 0
8 8 64
8 9 576
8 5 2880
8 2 5760
8 4 23040
8 3 69120
8 4 276480
8 5 1382400
8 0 0
8 6 0
8 5 0
8 8 0
8 9 72
8 5 360
8 2 720
8 4 2880
8 3 8640
8 4 34560
8 5 172800
8 0 0
8 6 0
8 5 0
8 8 0
8 5 0
9 5 45
9 2 90
9 4 360
9 3 1080
9 4 4320
9 5 21600
9 0 0
9 6 0
9 5 0
9 8 0
9 5 0
9 4 0
5 2 10
5 4 40
5 3 120
5 4 480
5 5 2400
5 0 0
5 6 0
5 5 0
5 8 0
5 5 0
5 4 0
5 1 0
2 4 8
2 3 24
2 4 96
2 5 480
2 0 0
2 6 0
2 5 0
2 8 0
2 5 0
2 4 0
2 1 0
2 2 0
4 3 12
4 4 48
4 5 240
4 0 0
4 6 0
4 5 0
4 8 0
4 5 0
4 4 0
4 1 0
4 2 0
4 2 0
3 4 12
3 5 60
3 0 0
3 6 0
3 5 0
3 8 0
3 5 0
3 4 0
3 1 0
3 2 0
3 2 0
3 7 0
4 5 20
4 0 0
4 6 0
4 5 0
4 8 0
4 5 0
4 4 0
4 1 0
4 2 0
4 2 0
4 7 0
4 5 0
5 0 0
5 6 0
5 5 0
5 8 0
5 5 0
5 4 0
5 1 0
5 2 0
5 2 0
5 7 0
5 5 0
5 8 0
0 6 0
0 5 0
0 8 0
0 5 0
0 4 0
0 1 0
0 2 0
0 2 0
0 7 0
0 5 0
0 8 0
0 8 0
6 5 30
6 8 240
6 5 1200
6 4 4800
6 1 4800
6 2 9600
6 2 19200
6 7 134400
6 5 672000
6 8 5376000
6 8 43008000
6 6 258048000
5 8 40
5 5 200
5 4 800
5 1 800
5 2 1600
5 2 3200
5 7 22400
5 5 112000
5 8 896000
5 8 7168000
5 6 43008000
5 6 258048000
8 5 40
8 4 160
8 1 160
8 2 320
8 2 640
8 7 4480
8 5 22400
8 8 179200
8 8 1433600
8 6 8601600
8 6 51609600
8 6 309657600
5 4 20
5 1 20
5 2 40
5 2 80
5 7 560
5 5 2800
5 8 22400
5 8 179200
5 6 1075200
5 6 6451200
5 6 38707200
5 8 309657600
4 1 4
4 2 8
4 2 16
4 7 112
4 5 560
4 8 4480
4 8 35840
4 6 215040
4 6 1290240
4 6 7741440
4 8 61931520
4 8 495452160
1 2 2
1 2 4
1 7 28
1 5 140
1 8 1120
1 8 8960
1 6 53760
1 6 322560
1 6 1935360
1 8 15482880
1 8 123863040
1 1 123863040
2 2 4
2 7 28
2 5 140
2 8 1120
2 8 8960
2 6 53760
2 6 322560
2 6 1935360
2 8 15482880
2 8 123863040
2 1 123863040
2 1 123863040
2 7 14
2 5 70
2 8 560
2 8 4480
2 6 26880
2 6 161280
2 6 967680
2 8 7741440
2 8 61931520
2 1 61931520
2 1 61931520
2 6 371589120
7 5 35
7 8 280
7 8 2240
7 6 13440
7 6 80640
7 6 483840
7 8 3870720
7 8 30965760
7 1 30965760
7 1 30965760
7 6 185794560
7 4 743178240
5 8 40
5 8 320
5 6 1920
5 6 11520
5 6 69120
5 8 552960
5 8 4423680
5 1 4423680
5 1 4423680
5 6 26542080
5 4 106168320
5 2 212336640
8 8 64
8 6 384
8 6 2304
8 6 13824
8 8 110592
8 8 884736
8 1 884736
8 1 884736
8 6 5308416
8 4 21233664
8 2 42467328
8 7 297271296
8 6 48
8 6 288
8 6 1728
8 8 13824
8 8 110592
8 1 110592
8 1 110592
8 6 663552
8 4 2654208
8 2 5308416
8 7 37158912
8 1 37158912
6 6 36
6 6 216
6 8 1728
6 8 13824
6 1 13824
6 1 13824
6 6 82944
6 4 331776
6 2 663552
6 7 4644864
6 1 4644864
6 7 32514048
6 6 36
6 8 288
6 8 2304
6 1 2304
6 1 2304
6 6 13824
6 4 55296
6 2 110592
6 7 774144
6 1 774144
6 7 5419008
6 1 5419008
6 8 48
6 8 384
6 1 384
6 1 384
6 6 2304
6 4 9216
6 2 18432
6 7 129024
6 1 129024
6 7 903168
6 1 903168
6 4 3612672
8 8 64
8 1 64
8 1 64
8 6 384
8 4 1536
8 2 3072
8 7 21504
8 1 21504
8 7 150528
8 1 150528
8 4 602112
8 7 4214784
8 1 8
8 1 8
8 6 48
8 4 192
8 2 384
8 7 2688
8 1 2688
8 7 18816
8 1 18816
8 4 75264
8 7 526848
8 9 4741632
1 1 1
1 6 6
1 4 24
1 2 48
1 7 336
1 1 336
1 7 2352
1 1 2352
1 4 9408
1 7 65856
1 9 592704
1 9 5334336
1 6 6
1 4 24
1 2 48
1 7 336
1 1 336
1 7 2352
1 1 2352
1 4 9408
1 7 65856
1 9 592704
1 9 5334336
1 2 10668672
6 4 24
6 2 48
6 7 336
6 1 336
6 7 2352
6 1 2352
6 4 9408
6 7 65856
6 9 592704
6 9 5334336
6 2 10668672
6 4 42674688
4 2 8
4 7 56
4 1 56
4 7 392
4 1 392
4 4 1568
4 7 10976
4 9 98784
4 9 889056
4 2 1778112
4 4 7112448
4 4 28449792
2 7 14
2 1 14
2 7 98
2 1 98
2 4 392
2 7 2744
2 9 24696
2 9 222264
2 2 444528
2 4 1778112
2 4 7112448
2 4 28449792
7 1 7
7 7 49
7 1 49
7 4 196
7 7 1372
7 9 12348
7 9 111132
7 2 222264
7 4 889056
7 4 3556224
7 4 14224896
7 2 28449792
1 7 7
1 1 7
1 4 28
1 7 196
1 9 1764
1 9 15876
1 2 31752
1 4 127008
1 4 508032
1 4 2032128
1 2 4064256
1 9 36578304
7 1 7
7 4 28
7 7 196
7 9 1764
7 9 15876
7 2 31752
7 4 127008
7 4 508032
7 4 2032128
7 2 4064256
7 9 36578304
7 2 73156608
1 4 4
1 7 28
1 9 252
1 9 2268
1 2 4536
1 4 18144
1 4 72576
1 4 290304
1 2 580608
1 9 5225472
1 2 10450944
1 8 83607552
4 7 28
4 9 252
4 9 2268
4 2 4536
4 4 18144
4 4 72576
4 4 290304
4 2 580608
4 9 5225472
4 2 10450944
4 8 83607552
4 2 167215104
7 9 63
7 9 567
7 2 1134
7 4 4536
7 4 18144
7 4 72576
7 2 145152
7 9 1306368
7 2 2612736
7 8 20901888
7 2 41803776
7 3 125411328
9 9 81
9 2 162
9 4 648
9 4 2592
9 4 10368
9 2 20736
9 9 186624
9 2 373248
9 8 2985984
9 2 5971968
9 3 17915904
9 0 0
9 2 18
9 4 72
9 4 288
9 4 1152
9 2 2304
9 9 20736
9 2 41472
9 8 331776
9 2 663552
9 3 1990656
9 0 0
9 8 0
2 4 8
2 4 32
2 4 128
2 2 256
2 9 2304
2 2 4608
2 8 36864
2 2 73728
2 3 221184
2 0 0
2 8 0
2 6 0
4 4 16
4 4 64
4 2 128
4 9 1152
4 2 2304
4 8 18432
4 2 36864
4 3 110592
4 0 0
4 8 0
4 6 0
4 3 0
4 4 16
4 2 32
4 9 288
4 2 576
4 8 4608
4 2 9216
4 3 27648
4 0 0
4 8 0
4 6 0
4 3 0
4 4 0
4 2 8
4 9 72
4 2 144
4 8 1152
4 2 2304
4 3 6912
4 0 0
4 8 0
4 6 0
4 3 0
4 4 0
4 6 0
2 9 18
2 2 36
2 8 288
2 2 576
2 3 1728
2 0 0
2 8 0
2 6 0
2 3 0
2 4 0
2 6 0
2 5 0
9 2 18
9 8 144
9 2 288
9 3 864
9 0 0
9 8 0
9 6 0
9 3 0
9 4 0
9 6 0
9 5 0
9 6 0
2 8 16
2 2 32
2 3 96
2 0 0
2 8 0
2 6 0
2 3 0
2 4 0
2 6 0
2 5 0
2 6 0
2 7 0
8 2 16
8 3 48
8 0 0
8 8 0
8 6 0
8 3 0
8 4 0
8 6 0
8 5 0
8 6 0
8 7 0
8 4 0
2 3 6
2 0 0
2 8 0
2 6 0
2 3 0
2 4 0
2 6 0
2 5 0
2 6 0
2 7 0
2 4 0
2 8 0
3 0 0
3 8 0
3 6 0
3 3 0
3 4 0
3 6 0
3 5 0
3 6 0
3 7 0
3 4 0
3 8 0
3 1 0
0 8 0
0 6 0
0 3 0
0 4 0
0 6 0
0 5 0
0 6 0
0 7 0
0 4 0
0 8 0
0 1 0
0 3 0
8 6 48
8 3 144
8 4 576
8 6 3456
8 5 17280
8 6 103680
8 7 725760
8 4 2903040
8 8 23224320
8 1 23224320
8 3 69672960
8 9 627056640
6 3 18
6 4 72
6 6 432
6 5 2160
6 6 12960
6 7 90720
6 4 362880
6 8 2903040
6 1 2903040
6 3 8709120
6 9 78382080
6 1 78382080
3 4 12
3 6 72
3 5 360
3 6 2160
3 7 15120
3 4 60480
3 8 483840
3 1 483840
3 3 1451520
3 9 13063680
3 1 13063680
3 9 117573120
4 6 24
4 5 120
4 6 720
4 7 5040
4 4 20160
4 8 161280
4 1 161280
4 3 483840
4 9 4354560
4 1 4354560
4 9 39191040
4 1 39191040
6 5 30
6 6 180
6 7 1260
6 4 5040
6 8 40320
6 1 40320
6 3 120960
6 9 1088640
6 1 1088640
6 9 9797760
6 1 9797760
6 2 19595520
5 6 30
5 7 210
5 4 840
5 8 6720
5 1 6720
5 3 20160
5 9 181440
5 1 181440
5 9 1632960
5 1 1632960
5 2 3265920
5 3 9797760
6 7 42
6 4 168
6 8 1344
6 1 1344
6 3 4032
6 9 36288
6 1 36288
6 9 326592
6 1 326592
6 2 653184
6 3 1959552
6 1 1959552
7 4 28
7 8 224
7 1 224
7 3 672
7 9 6048
7 1 6048
7 9 54432
7 1 54432
7 2 108864
7 3 326592
7 1 326592
7 6 1959552
4 8 32
4 1 32
4 3 96
4 9 864
4 1 864
4 9 7776
4 1 7776
4 2 15552
4 3 46656
4 1 46656
4 6 279936
4 2 559872
8 1 8
8 3 24
8 9 216
8 1 216
8 9 1944
8 1 1944
8 2 3888
8 3 11664
8 1 11664
8 6 69984
8 2 139968
8 8 1119744
1 3 3
1 9 27
1 1 27
1 9 243
1 1 243
1 2 486
1 3 1458
1 1 1458
1 6 8748
1 2 17496
1 8 139968
1 2 279936
3 9 27
3 1 27
3 9 243
3 1 243
3 2 486
3 3 1458
3 1 1458
3 6 8748
3 2 17496
3 8 139968
3 2 279936
3 4 1119744
9 1 9
9 9 81
9 1 81
9 2 162
9 3 486
9 1 486
9 6 2916
9 2 5832
9 8 46656
9 2 93312
9 4 373248
9 5 1866240
1 9 9
1 1 9
1 2 18
1 3 54
1 1 54
1 6 324
1 2 648
1 8 5184
1 2 10368
1 4 41472
1 5 207360
1 8 1658880
9 1 9
9 2 18
9 3 54
9 1 54
9 6 324
9 2 648
9 8 5184
9 2 10368
9 4 41472
9 5 207360
9 8 1658880
9 6 9953280
1 2 2
1 3 6
1 1 6
1 6 36
1 2 72
1 8 576
1 2 1152
1 4 4608
1 5 23040
1 8 184320
1 6 1105920
1 1 1105920
2 3 6
2 1 6
2 6 36
2 2 72
2 8 576
2 2 1152
2 4 4608
2 5 23040
2 8 184320
2 6 1105920
2 1 1105920
2 7 7741440
3 1 3
3 6 18
3 2 36
3 8 288
3 2 576
3 4 2304
3 5 11520
3 8 92160
3 6 552960
3 1 552960
3 7 3870720
3 8 30965760
1 6 6
1 2 12
1 8 96
1 2 192
1 4 768
1 5 3840
1 8 30720
1 6 184320
1 1 184320
1 7 1290240
1 8 10321920
1 6 61931520
6 2 12
6 8 96
6 2 192
6 4 768
6 5 3840
6 8 30720
6 6 184320
6 1 184320
6 7 1290240
6 8 10321920
6 6 61931520
6 6 371589120
2 8 16
2 2 32
2 4 128
2 5 640
2 8 5120
2 6 30720
2 1 30720
2 7 215040
2 8 1720320
2 6 10321920
2 6 61931520
2 4 247726080
8 2 16
8 4 64
8 5 320
8 8 2560
8 6 15360
8 1 15360
8 7 107520
8 8 860160
8 6 5160960
8 6 30965760
8 4 123863040
8 5 619315200
2 4 8
2 5 40
2 8 320
2 6 1920
2 1 1920
2 7 13440
2 8 107520
2 6 645120
2 6 3870720
2 4 15482880
2 5 77414400
2 8 619315200
4 5 20
4 8 160
4 6 960
4 1 960
4 7 6720
4 8 53760
4 6 322560
4 6 1935360
4 4 7741440
4 5 38707200
4 8 309657600
4 3 928972800
5 8 40
5 6 240
5 1 240
5 7 1680
5 8 13440
5 6 80640
5 6 483840
5 4 1935360
5 5 9676800
5 8 77414400
5 3 232243200
5 5 1161216000
8 6 48
8 1 48
8 7 336
8 8 2688
8 6 16128
8 6 96768
8 4 387072
8 5 1935360
8 8 15482880
8 3 46448640
8 5 232243200
8 9 2090188800
6 1 6
6 7 42
6 8 336
6 6 2016
6 6 12096
6 4 48384
6 5 241920
6 8 1935360
6 3 5806080
6 5 29030400
6 9 261273600
6 1 261273600
1 7 7
1 8 56
1 6 336
1 6 2016
1 4 8064
1 5 40320
1 8 322560
1 3 967680
1 5 4838400
1 9 43545600
1 1 43545600
1 2 87091200
7 8 56
7 6 336
7 6 2016
7 4 8064
7 5 40320
7 8 322560
7 3 967680
7 5 4838400
7 9 43545600
7 1 43545600
7 2 87091200
7 4 348364800
8 6 48
8 6 288
8 4 1152
8 5 5760
8 8 46080
8 3 138240
8 5 691200
8 9 6220800
8 1 6220800
8 2 12441600
8 4 49766400
8 5 248832000
6 6 36
6 4 144
6 5 720
6 8 5760
6 3 17280
6 5 86400
6 9 777600
6 1 777600
6 2 1555200
6 4 6220800
6 5 31104000
6 6 186624000
6 4 24
6 5 120
6 8 960
6 3 2880
6 5 14400
6 9 129600
6 1 129600
6 2 259200
6 4 1036800
6 5 5184000
6 6 31104000
6 6 186624000
4 5 20
4 8 160
4 3 480
4 5 2400
4 9 21600
4 1 21600
4 2 43200
4 4 172800
4 5 864000
4 6 5184000
4 6 31104000
4 5 155520000
5 8 40
5 3 120
5 5 600
5 9 5400
5 1 5400
5 2 10800
5 4 43200
5 5 216000
5 6 1296000
5 6 7776000
5 5 38880000
5 2 77760000
8 3 24
8 5 120
8 9 1080
8 1 1080
8 2 2160
8 4 8640
8 5 43200
8 6 259200
8 6 1555200
8 5 7776000
8 2 15552000
8 9 139968000
3 5 15
3 9 135
3 1 135
3 2 270
3 4 1080
3 5 5400
3 6 32400
3 6 194400
3 5 972000
3 2 1944000
3 9 17496000
3 4 69984000
5 9 45
5 1 45
5 2 90
5 4 360
5 5 1800
5 6 10800
5 6 64800
5 5 324000
5 2 648000
5 9 5832000
5 4 23328000
5 7 163296000
9 1 9
9 2 18
9 4 72
9 5 360
9 6 2160
9 6 12960
9 5 64800
9 2 129600
9 9 1166400
9 4 4665600
9 7 32659200
9 6 195955200
1 2 2
1 4 8
1 5 40
1 6 240
1 6 1440
1 5 7200
1 2 14400
1 9 129600
1 4 518400
1 7 3628800
1 6 21772800
1 5 108864000
2 4 8
2 5 40
2 6 240
2 6 1440
2 5 7200
2 2 14400
2 9 129600
2 4 518400
2 7 3628800
2 6 21772800
2 5 108864000
2 4 435456000
4 5 20
4 6 120
4 6 720
4 5 3600
4 2 7200
4 9 64800
4 4 259200
4 7 1814400
4 6 10886400
4 5 54432000
4 4 217728000
4 5 1088640000
5 6 30
5 6 180
5 5 900
5 2 1800
5 9 16200
5 4 64800
5 7 453600
5 6 2721600
5 5 13608000
5 4 54432000
5 5 272160000
5 6 1632960000
6 6 36
6 5 180
6 2 360
6 9 3240
6 4 12960
6 7 90720
6 6 544320
6 5 2721600
6 4 10886400
6 5 54432000
6 6 326592000
6 8 2612736000
6 5 30
6 2 60
6 9 540
6 4 2160
6 7 15120
6 6 90720
6 5 453600
6 4 1814400
6 5 9072000
6 6 54432000
6 8 435456000
6 2 870912000
5 2 10
5 9 90
5 4 360
5 7 2520
5 6 15120
5 5 75600
5 4 302400
5 5 1512000
5 6 9072000
5 8 72576000
5 2 145152000
5 8 1161216000
2 9 18
2 4 72
2 7 504
2 6 3024
2 5 15120
2 4 60480
2 5 302400
2 6 1814400
2 8 14515200
2 2 29030400
2 8 232243200
2 4 928972800
9 4 36
9 7 252
9 6 1512
9 5 7560
9 4 30240
9 5 151200
9 6 907200
9 8 7257600
9 2 14515200
9 8 116121600
9 4 464486400
9 8 3715891200
4 7 28
4 6 168
4 5 840
4 4 3360
4 5 16800
4 6 100800
4 8 806400
4 2 1612800
4 8 12902400
4 4 51609600
4 8 412876800
4 9 3715891200
7 6 42
7 5 210
7 4 840
7 5 4200
7 6 25200
7 8 201600
7 2 403200
7 8 3225600
7 4 12902400
7 8 103219200
7 9 928972800
7 1 928972800
6 5 30
6 4 120
6 5 600
6 6 3600
6 8 28800
6 2 57600
6 8 460800
6 4 1843200
6 8 14745600
6 9 132710400
6 1 132710400
6 2 265420800
5 4 20
5 5 100
5 6 600
5 8 4800
5 2 9600
5 8 76800
5 4 307200
5 8 2457600
5 9 22118400
5 1 22118400
5 2 44236800
5 8 353894400
4 5 20
4 6 120
4 8 960
4 2 1920
4 8 15360
4 4 61440
4 8 491520
4 9 4423680
4 1 4423680
4 2 8847360
4 8 70778880
4 8 566231040
5 6 30
5 8 240
5 2 480
5 8 3840
5 4 15360
5 8 122880
5 9 1105920
5 1 1105920
5 2 2211840
5 8 17694720
5 8 141557760
5 3 424673280
6 8 48
6 2 96
6 8 768
6 4 3072
6 8 24576
6 9 221184
6 1 221184
6 2 442368
6 8 3538944
6 8 28311552
6 3 84934656
6 1 84934656
8 2 16
8 8 128
8 4 512
8 8 4096
8 9 36864
8 1 36864
8 2 73728
8 8 589824
8 8 4718592
8 3 14155776
8 1 14155776
8 4 56623104
2 8 16
2 4 64
2 8 512
2 9 4608
2 1 4608
2 2 9216
2 8 73728
2 8 589824
2 3 1769472
2 1 1769472
2 4 7077888
2 2 14155776
8 4 32
8 8 256
8 9 2304
8 1 2304
8 2 4608
8 8 36864
8 8 294912
8 3 884736
8 1 884736
8 4 3538944
8 2 7077888
8 6 42467328
4 8 32
4 9 288
4 1 288
4 2 576
4 8 4608
4 8 36864
4 3 110592
4 1 110592
4 4 442368
4 2 884736
4 6 5308416
4 0 0
8 9 72
8 1 72
8 2 144
8 8 1152
8 8 9216
8 3 27648
8 1 27648
8 4 110592
8 2 221184
8 6 1327104
8 0 0
8 7 0
9 1 9
9 2 18
9 8 144
9 8 1152
9 3 3456
9 1 3456
9 4 13824
9 2 27648
9 6 165888
9 0 0
9 7 0
9 6 0
1 2 2
1 8 16
1 8 128
1 3 384
1 1 384
1 4 1536
1 2 3072
1 6 18432
1 0 0
1 7 0
1 6 0
1 9 0
2 8 16
2 8 128
2 3 384
2 1 384
2 4 1536
2 2 3072
2 6 18432
2 0 0
2 7 0
2 6 0
2 9 0
2 0 0
8 8 64
8 3 192
8 1 192
8 4 768
8 2 1536
8 6 9216
8 0 0
8 7 0
8 6 0
8 9 0
8 0 0
8 0 0
8 3 24
8 1 24
8 4 96
8 2 192
8 6 1152
8 0 0
8 7 0
8 6 0
8 9 0
8 0 0
8 0 0
8 4 0
3 1 3
3 4 12
3 2 24
3 6 144
3 0 0
3 7 0
3 6 0
3 9 0
3 0 0
3 0 0
3 4 0
3 2 0
1 4 4
1 2 8
1 6 48
1 0 0
1 7 0
1 6 0
1 9 0
1 0 0
1 0 0
1 4 0
1 2 0
1 2 0
4 2 8
4 6 48
4 0 0
4 7 0
4 6 0
4 9 0
4 0 0
4 0 0
4 4 0
4 2 0
4 2 0
4 4 0
2 6 12
2 0 0
2 7 0
2 6 0
2 9 0
2 0 0
2 0 0
2 4 0
2 2 0
2 2 0
2 4 0
2 2 0
6 0 0
6 7 0
6 6 0
6 9 0
6 0 0
6 0 0
6 4 0
6 2 0
6 2 0
6 4 0
6 2 0
6 1 0
0 7 0
0 6 0
0 9 0
0 0 0
0 0 0
0 4 0
0 2 0
0 2 0
0 4 0
0 2 0
0 1 0
0 9 0
7 6 42
7 9 378
7 0 0
7 0 0
7 4 0
7 2 0
7 2 0
7 4 0
7 2 0
7 1 0
7 9 0
7 0 0
6 9 54
6 0 0
6 0 0
6 4 0
6 2 0
6 2 0
6 4 0
6 2 0
6 1 0
6 9 0
6 0 0
6 2 0
9 0 0
9 0 0
9 4 0
9 2 0
9 2 0
9 4 0
9 2 0
9 1 0
9 9 0
9 0 0
9 2 0
9 2 0
0 0 0
0 4 0
0 2 0
0 2 0
0 4 0
0 2 0
0 1 0
0 9 0
0 0 0
0 2 0
0 2 0
0 6 0
0 4 0
0 2 0
0 2 0
0 4 0
0 2 0
0 1 0
0 9 0
0 0 0
0 2 0
0 2 0
0 6 0
0 7 0
4 2 8
4 2 16
4 4 64
4 2 128
4 1 128
4 9 1152
4 0 0
4 2 0
4 2 0
4 6 0
4 7 0
4 1 0
2 2 4
2 4 16
2 2 32
2 1 32
2 9 288
2 0 0
2 2 0
2 2 0
2 6 0
2 7 0
2 1 0
2 0 0
2 4 8
2 2 16
2 1 16
2 9 144
2 0 0
2 2 0
2 2 0
2 6 0
2 7 0
2 1 0
2 0 0
2 5 0
4 2 8
4 1 8
4 9 72
4 0 0
4 2 0
4 2 0
4 6 0
4 7 0
4 1 0
4 0 0
4 5 0
4 5 0
2 1 2
2 9 18
2 0 0
2 2 0
2 2 0
2 6 0
2 7 0
2 1 0
2 0 0
2 5 0
2 5 0
2 6 0
1 9 9
1 0 0
1 2 0
1 2 0
1 6 0
1 7 0
1 1 0
1 0 0
1 5 0
1 5 0
1 6 0
1 2 0
9 0 0
9 2 0
9 2 0
9 6 0
9 7 0
9 1 0
9 0 0
9 5 0
9 5 0
9 6 0
9 2 0
9 6 0
0 2 0
0 2 0
0 6 0
0 7 0
0 1 0
0 0 0
0 5 0
0 5 0
0 6 0
0 2 0
0 6 0
0 3 0
2 2 4
2 6 24
2 7 168
2 1 168
2 0 0
2 5 0
2 5 0
2 6 0
2 2 0
2 6 0
2 3 0
2 2 0
2 6 12
2 7 84
2 1 84
2 0 0
2 5 0
2 5 0
2 6 0
2 2 0
2 6 0
2 3 0
2 2 0
2 1 0
6 7 42
6 1 42
6 0 0
6 5 0
6 5 0
6 6 0
6 2 0
6 6 0
6 3 0
6 2 0
6 1 0
6 1 0
7 1 7
7 0 0
7 5 0
7 5 0
7 6 0
7 2 0
7 6 0
7 3 0
7 2 0
7 1 0
7 1 0
7 1 0
1 0 0
1 5 0
1 5 0
1 6 0
1 2 0
1 6 0
1 3 0
1 2 0
1 1 0
1 1 0
1 1 0
1 1 0
0 5 0
0 5 0
0 6 0
0 2 0
0 6 0
0 3 0
0 2 0
0 1 0
0 1 0
0 1 0
0 1 0
0 1 0
5 5 25
5 6 150
5 2 300
5 6 1800
5 3 5400
5 2 10800
5 1 10800
5 1 10800
5 1 10800
5 1 10800
5 1 10800
5 0 0
5 6 30
5 2 60
5 6 360
5 3 1080
5 2 2160
5 1 2160
5 1 2160
5 1 2160
5 1 2160
5 1 2160
5 0 0
5 9 0
6 2 12
6 6 72
6 3 216
6 2 432
6 1 432
6 1 432
6 1 432
6 1 432
6 1 432
6 0 0
6 9 0
6 3 0
2 6 12
2 3 36
2 2 72
2 1 72
2 1 72
2 1 72
2 1 72
2 1 72
2 0 0
2 9 0
2 3 0
2 7 0
6 3 18
6 2 36
6 1 36
6 1 36
6 1 36
6 1 36
6 1 36
6 0 0
6 9 0
6 3 0
6 7 0
6 0 0
3 2 6
3 1 6
3 1 6
3 1 6
3 1 6
3 1 6
3 0 0
3 9 0
3 3 0
3 7 0
3 0 0
3 5 0
2 1 2
2 1 2
2 1 2
2 1 2
2 1 2
2 0 0
2 9 0
2 3 0
2 7 0
2 0 0
2 5 0
2 4 0
1 1 1
1 1 1
1 1 1
1 1 1
1 0 0
1 9 0
1 3 0
1 7 0
1 0 0
1 5 0
1 4 0
1 4 0
1 1 1
1 1 1
1 1 1
1 0 0
1 9 0
1 3 0
1 7 0
1 0 0
1 5 0
1 4 0
1 4 0
1 2 0
1 1 1
1 1 1
1 0 0
1 9 0
1 3 0
1 7 0
1 0 0
1 5 0
1 4 0
1 4 0
1 2 0
1 1 0
1 1 1
1 0 0
1 9 0
1 3 0
1 7 0
1 0 0
1 5 0
1 4 0
1 4 0
1 2 0
1 1 0
1 7 0
1 0 0
1 9 0
1 3 0
1 7 0
1 0 0
1 5 0
1 4 0
1 4 0
1 2 0
1 1 0
1 7 0
1 5 0
0 9 0
0 3 0
0 7 0
0 0 0
0 5 0
0 4 0
0 4 0
0 2 0
0 1 0
0 7 0
0 5 0
0 0 0
9 3 27
9 7 189
9 0 0
9 5 0
9 4 0
9 4 0
9 2 0
9 1 0
9 7 0
9 5 0
9 0 0
9 6 0
3 7 21
3 0 0
3 5 0
3 4 0
3 4 0
3 2 0
3 1 0
3 7 0
3 5 0
3 0 0
3 6 0
3 9 0
7 0 0
7 5 0
7 4 0
7 4 0
7 2 0
7 1 0
7 7 0
7 5 0
7 0 0
7 6 0
7 9 0
7 4 0
0 5 0
0 4 0
0 4 0
0 2 0
0 1 0
0 7 0
0 5 0
0 0 0
0 6 0
0 9 0
0 4 0
0 1 0
5 4 20
5 4 80
5 2 160
5 1 160
5 7 1120
5 5 5600
5 0 0
5 6 0
5 9 0
5 4 0
5 1 0
5 6 0
4 4 16
4 2 32
4 1 32
4 7 224
4 5 1120
4 0 0
4 6 0
4 9 0
4 4 0
4 1 0
4 6 0
4 5 0
4 2 8
4 1 8
4 7 56
4 5 280
4 0 0
4 6 0
4 9 0
4 4 0
4 1 0
4 6 0
4 5 0
4 8 0
2 1 2
2 7 14
2 5 70
2 0 0
2 6 0
2 9 0
2 4 0
2 1 0
2 6 0
2 5 0
2 8 0
2 9 0
1 7 7
1 5 35
1 0 0
1 6 0
1 9 0
1 4 0
1 1 0
1 6 0
1 5 0
1 8 0
1 9 0
1 6 0
7 5 35
7 0 0
7 6 0
7 9 0
7 4 0
7 1 0
7 6 0
7 5 0
7 8 0
7 9 0
7 6 0
7 0 0
5 0 0
5 6 0
5 9 0
5 4 0
5 1 0
5 6 0
5 5 0
5 8 0
5 9 0
5 6 0
5 0 0
5 4 0
0 6 0
0 9 0
0 4 0
0 1 0
0 6 0
0 5 0
0 8 0
0 9 0
0 6 0
0 0 0
0 4 0
0 0 0
6 9 54
6 4 216
6 1 216
6 6 1296
6 5 6480
6 8 51840
6 9 466560
6 6 2799360
6 0 0
6 4 0
6 0 0
6 8 0
9 4 36
9 1 36
9 6 216
9 5 1080
9 8 8640
9 9 77760
9 6 466560
9 0 0
9 4 0
9 0 0
9 8 0
9 0 0
4 1 4
4 6 24
4 5 120
4 8 960
4 9 8640
4 6 51840
4 0 0
4 4 0
4 0 0
4 8 0
4 0 0
4 7 0
1 6 6
1 5 30
1 8 240
1 9 2160
1 6 12960
1 0 0
1 4 0
1 0 0
1 8 0
1 0 0
1 7 0
1 1 0
6 5 30
6 8 240
6 9 2160
6 6 12960
6 0 0
6 4 0
6 0 0
6 8 0
6 0 0
6 7 0
6 1 0
6 9 0
5 8 40
5 9 360
5 6 2160
5 0 0
5 4 0
5 0 0
5 8 0
5 0 0
5 7 0
5 1 0
5 9 0
5 8 0
8 9 72
8 6 432
8 0 0
8 4 0
8 0 0
8 8 0
8 0 0
8 7 0
8 1 0
8 9 0
8 8 0
8 4 0
9 6 54
9 0 0
9 4 0
9 0 0
9 8 0
9 0 0
9 7 0
9 1 0
9 9 0
9 8 0
9 4 0
9 0 0
6 0 0
6 4 0
6 0 0
6 8 0
6 0 0
6 7 0
6 1 0
6 9 0
6 8 0
6 4 0
6 0 0
6 3 0
0 4 0
0 0 0
0 8 0
0 0 0
0 7 0
0 1 0
0 9 0
0 8 0
0 4 0
0 0 0
0 3 0
0 8 0
4 0 0
4 8 0
4 0 0
4 7 0
4 1 0
4 9 0
4 8 0
4 4 0
4 0 0
4 3 0
4 8 0
4 5 0
0 8 0
0 0 0
0 7 0
0 1 0
0 9 0
0 8 0
0 4 0
0 0 0
0 3 0
0 8 0
0 5 0
0 0 0
8 0 0
8 7 0
8 1 0
8 9 0
8 8 0
8 4 0
8 0 0
8 3 0
8 8 0
8 5 0
8 0 0
8 9 0
0 7 0
0 1 0
0 9 0
0 8 0
0 4 0
0 0 0
0 3 0
0 8 0
0 5 0
0 0 0
0 9 0
0 6 0
7 1 7
7 9 63
7 8 504
7 4 2016
7 0 0
7 3 0
7 8 0
7 5 0
7 0 0
7 9 0
7 6 0
7 2 0
1 9 9
1 8 72
1 4 288
1 0 0
1 3 0
1 8 0
1 5 0
1 0 0
1 9 0
1 6 0
1 2 0
1 4 0
9 8 72
9 4 288
9 0 0
9 3 0
9 8 0
9 5 0
9 0 0
9 9 0
9 6 0
9 2 0
9 4 0
9 5 0
8 4 32
8 0 0
8 3 0
8 8 0
8 5 0
8 0 0
8 9 0
8 6 0
8 2 0
8 4 0
8 5 0
8 5 0
4 0 0
4 3 0
4 8 0
4 5 0
4 0 0
4 9 0
4 6 0
4 2 0
4 4 0
4 5 0
4 5 0
4 4 0
0 3 0
0 8 0
0 5 0
0 0 0
0 9 0
0 6 0
0 2 0
0 4 0
0 5 0
0 5 0
0 4 0
0 4 0
3 8 24
3 5 120
3 0 0
3 9 0
3 6 0
3 2 0
3 4 0
3 5 0
3 5 0
3 4 0
3 4 0
3 4 0
8 5 40
8 0 0
8 9 0
8 6 0
8 2 0
8 4 0
8 5 0
8 5 0
8 4 0
8 4 0
8 4 0
8 3 0
5 0 0
5 9 0
5 6 0
5 2 0
5 4 0
5 5 0
5 5 0
5 4 0
5 4 0
5 4 0
5 3 0
5 6 0
0 9 0
0 6 0
0 2 0
0 4 0
0 5 0
0 5 0
0 4 0
0 4 0
0 4 0
0 3 0
0 6 0
0 2 0
9 6 54
9 2 108
9 4 432
9 5 2160
9 5 10800
9 4 43200
9 4 172800
9 4 691200
9 3 2073600
9 6 12441600
9 2 24883200
9 9 223948800
6 2 12
6 4 48
6 5 240
6 5 1200
6 4 4800
6 4 19200
6 4 76800
6 3 230400
6 6 1382400
6 2 2764800
6 9 24883200
6 8 199065600
2 4 8
2 5 40
2 5 200
2 4 800
2 4 3200
2 4 12800
2 3 38400
2 6 230400
2 2 460800
2 9 4147200
2 8 33177600
2 1 33177600
4 5 20
4 5 100
4 4 400
4 4 1600
4 4 6400
4 3 19200
4 6 115200
4 2 230400
4 9 2073600
4 8 16588800
4 1 16588800
4 2 33177600
5 5 25
5 4 100
5 4 400
5 4 1600
5 3 4800
5 6 28800
5 2 57600
5 9 518400
5 8 4147200
5 1 4147200
5 2 8294400
5 3 24883200
5 4 20
5 4 80
5 4 320
5 3 960
5 6 5760
5 2 11520
5 9 103680
5 8 829440
5 1 829440
5 2 1658880
5 3 4976640
5 0 0
4 4 16
4 4 64
4 3 192
4 6 1152
4 2 2304
4 9 20736
4 8 165888
4 1 165888
4 2 331776
4 3 995328
4 0 0
4 9 0
4 4 16
4 3 48
4 6 288
4 2 576
4 9 5184
4 8 41472
4 1 41472
4 2 82944
4 3 248832
4 0 0
4 9 0
4 8 0
4 3 12
4 6 72
4 2 144
4 9 1296
4 8 10368
4 1 10368
4 2 20736
4 3 62208
4 0 0
4 9 0
4 8 0
4 7 0
3 6 18
3 2 36
3 9 324
3 8 2592
3 1 2592
3 2 5184
3 3 15552
3 0 0
3 9 0
3 8 0
3 7 0
3 8 0
6 2 12
6 9 108
6 8 864
6 1 864
6 2 1728
6 3 5184
6 0 0
6 9 0
6 8 0
6 7 0
6 8 0
6 7 0
2 9 18
2 8 144
2 1 144
2 2 288
2 3 864
2 0 0
2 9 0
2 8 0
2 7 0
2 8 0
2 7 0
2 9 0
9 8 72
9 1 72
9 2 144
9 3 432
9 0 0
9 9 0
9 8 0
9 7 0
9 8 0
9 7 0
9 9 0
9 9 0
8 1 8
8 2 16
8 3 48
8 0 0
8 9 0
8 8 0
8 7 0
8 8 0
8 7 0
8 9 0
8 9 0
8 2 0
1 2 2
1 3 6
1 0 0
1 9 0
1 8 0
1 7 0
1 8 0
1 7 0
1 9 0
1 9 0
1 2 0
1 7 0
2 3 6
2 0 0
2 9 0
2 8 0
2 7 0
2 8 0
2 7 0
2 9 0
2 9 0
2 2 0
2 7 0
2 2 0
3 0 0
3 9 0
3 8 0
3 7 0
3 8 0
3 7 0
3 9 0
3 9 0
3 2 0
3 7 0
3 2 0
3 4 0
0 9 0
0 8 0
0 7 0
0 8 0
0 7 0
0 9 0
0 9 0
0 2 0
0 7 0
0 2 0
0 4 0
0 4 0
9 8 72
9 7 504
9 8 4032
9 7 28224
9 9 254016
9 9 2286144
9 2 4572288
9 7 32006016
9 2 64012032
9 4 256048128
9 4 1024192512
9 2 2048385024
8 7 56
8 8 448
8 7 3136
8 9 28224
8 9 254016
8 2 508032
8 7 3556224
8 2 7112448
8 4 28449792
8 4 113799168
8 2 227598336
8 8 1820786688
7 8 56
7 7 392
7 9 3528
7 9 31752
7 2 63504
7 7 444528
7 2 889056
7 4 3556224
7 4 14224896
7 2 28449792
7 8 227598336
7 4 910393344
8 7 56
8 9 504
8 9 4536
8 2 9072
8 7 63504
8 2 127008
8 4 508032
8 4 2032128
8 2 4064256
8 8 32514048
8 4 130056192
8 9 1170505728
7 9 63
7 9 567
7 2 1134
7 7 7938
7 2 15876
7 4 63504
7 4 254016
7 2 508032
7 8 4064256
7 4 16257024
7 9 146313216
7 0 0
9 9 81
9 2 162
9 7 1134
9 2 2268
9 4 9072
9 4 36288
9 2 72576
9 8 580608
9 4 2322432
9 9 20901888
9 0 0
9 9 0
9 2 18
9 7 126
9 2 252
9 4 1008
9 4 4032
9 2 8064
9 8 64512
9 4 258048
9 9 2322432
9 0 0
9 9 0
9 1 0
2 7 14
2 2 28
2 4 112
2 4 448
2 2 896
2 8 7168
2 4 28672
2 9 258048
2 0 0
2 9 0
2 1 0
2 8 0
7 2 14
7 4 56
7 4 224
7 2 448
7 8 3584
7 4 14336
7 9 129024
7 0 0
7 9 0
7 1 0
7 8 0
7 8 0
2 4 8
2 4 32
2 2 64
2 8 512
2 4 2048
2 9 18432
2 0 0
2 9 0
2 1 0
2 8 0
2 8 0
2 8 0
4 4 16
4 2 32
4 8 256
4 4 1024
4 9 9216
4 0 0
4 9 0
4 1 0
4 8 0
4 8 0
4 8 0
4 4 0
4 2 8
4 8 64
4 4 256
4 9 2304
4 0 0
4 9 0
4 1 0
4 8 0
4 8 0
4 8 0
4 4 0
4 5 0
2 8 16
2 4 64
2 9 576
2 0 0
2 9 0
2 1 0
2 8 0
2 8 0
2 8 0
2 4 0
2 5 0
2 8 0
8 4 32
8 9 288
8 0 0
8 9 0
8 1 0
8 8 0
8 8 0
8 8 0
8 4 0
8 5 0
8 8 0
8 0 0
4 9 36
4 0 0
4 9 0
4 1 0
4 8 0
4 8 0
4 8 0
4 4 0
4 5 0
4 8 0
4 0 0
4 1 0
9 0 0
9 9 0
9 1 0
9 8 0
9 8 0
9 8 0
9 4 0
9 5 0
9 8 0
9 0 0
9 1 0
9 5 0
0 9 0
0 1 0
0 8 0
0 8 0
0 8 0
0 4 0
0 5 0
0 8 0
0 0 0
0 1 0
0 5 0
0 6 0
9 1 9
9 8 72
9 8 576
9 8 4608
9 4 18432
9 5 92160
9 8 737280
9 0 0
9 1 0
9 5 0
9 6 0
9 1 0
1 8 8
1 8 64
1 8 512
1 4 2048
1 5 10240
1 8 81920
1 0 0
1 1 0
1 5 0
1 6 0
1 1 0
1 6 0
8 8 64
8 8 512
8 4 2048
8 5 10240
8 8 81920
8 0 0
8 1 0
8 5 0
8 6 0
8 1 0
8 6 0
8 6 0
8 8 64
8 4 256
8 5 1280
8 8 10240
8 0 0
8 1 0
8 5 0
8 6 0
8 1 0
8 6 0
8 6 0
8 0 0
8 4 32
8 5 160
8 8 1280
8 0 0
8 1 0
8 5 0
8 6 0
8 1 0
8 6 0
8 6 0
8 0 0
8 9 0
4 5 20
4 8 160
4 0 0
4 1 0
4 5 0
4 6 0
4 1 0
4 6 0
4 6 0
4 0 0
4 9 0
4 7 0
5 8 40
5 0 0
5 1 0
5 5 0
5 6 0
5 1 0
5 6 0
5 6 0
5 0 0
5 9 0
5 7 0
5 9 0
8 0 0
8 1 0
8 5 0
8 6 0
8 1 0
8 6 0
8 6 0
8 0 0
8 9 0
8 7 0
8 9 0
8 1 0
0 1 0
0 5 0
0 6 0
0 1 0
0 6 0
0 6 0
0 0 0
0 9 0
0 7 0
0 9 0
0 1 0
0 9 0
1 5 5
1 6 30
1 1 30
1 6 180
1 6 1080
1 0 0
1 9 0
1 7 0
1 9 0
1 1 0
1 9 0
1 1 0
5 6 30
5 1 30
5 6 180
5 6 1080
5 0 0
5 9 0
5 7 0
5 9 0
5 1 0
5 9 0
5 1 0
5 3 0
6 1 6
6 6 36
6 6 216
6 0 0
6 9 0
6 7 0
6 9 0
6 1 0
6 9 0
6 1 0
6 3 0
6 3 0
1 6 6
1 6 36
1 0 0
1 9 0
1 7 0
1 9 0
1 1 0
1 9 0
1 1 0
1 3 0
1 3 0
1 8 0
6 6 36
6 0 0
6 9 0
6 7 0
6 9 0
6 1 0
6 9 0
6 1 0
6 3 0
6 3 0
6 8 0
6 7 0
6 0 0
6 9 0
6 7 0
6 9 0
6 1 0
6 9 0
6 1 0
6 3 0
6 3 0
6 8 0
6 7 0
6 5 0
0 9 0
0 7 0
0 9 0
0 1 0
0 9 0
0 1 0
0 3 0
0 3 0
0 8 0
0 7 0
0 5 0
0 4 0
9 7 63
9 9 567
9 1 567
9 9 5103
9 1 5103
9 3 15309
9 3 45927
9 8 367416
9 7 2571912
9 5 12859560
9 4 51438240
9 9 462944160
7 9 63
7 1 63
7 9 567
7 1 567
7 3 1701
7 3 5103
7 8 40824
7 7 285768
7 5 1428840
7 4 5715360
7 9 51438240
7 9 462944160
9 1 9
9 9 81
9 1 81
9 3 243
9 3 729
9 8 5832
9 7 40824
9 5 204120
9 4 816480
9 9 7348320
9 9 66134880
9 2 132269760
1 9 9
1 1 9
1 3 27
1 3 81
1 8 648
1 7 4536
1 5 22680
1 4 90720
1 9 816480
1 9 7348320
1 2 14696640
1 0 0
9 1 9
9 3 27
9 3 81
9 8 648
9 7 4536
9 5 22680
9 4 90720
9 9 816480
9 9 7348320
9 2 14696640
9 0 0
9 0 0
1 3 3
1 3 9
1 8 72
1 7 504
1 5 2520
1 4 10080
1 9 90720
1 9 816480
1 2 1632960
1 0 0
1 0 0
1 5 0
3 3 9
3 8 72
3 7 504
3 5 2520
3 4 10080
3 9 90720
3 9 816480
3 2 1632960
3 0 0
3 0 0
3 5 0
3 2 0
3 8 24
3 7 168
3 5 840
3 4 3360
3 9 30240
3 9 272160
3 2 544320
3 0 0
3 0 0
3 5 0
3 2 0
3 4 0
8 7 56
8 5 280
8 4 1120
8 9 10080
8 9 90720
8 2 181440
8 0 0
8 0 0
8 5 0
8 2 0
8 4 0
8 0 0
7 5 35
7 4 140
7 9 1260
7 9 11340
7 2 22680
7 0 0
7 0 0
7 5 0
7 2 0
7 4 0
7 0 0
7 6 0
5 4 20
5 9 180
5 9 1620
5 2 3240
5 0 0
5 0 0
5 5 0
5 2 0
5 4 0
5 0 0
5 6 0
5 3 0
4 9 36
4 9 324
4 2 648
4 0 0
4 0 0
4 5 0
4 2 0
4 4 0
4 0 0
4 6 0
4 3 0
4 6 0
9 9 81
9 2 162
9 0 0
9 0 0
9 5 0
9 2 0
9 4 0
9 0 0
9 6 0
9 3 0
9 6 0
9 8 0
9 2 18
9 0 0
9 0 0
9 5 0
9 2 0
9 4 0
9 0 0
9 6 0
9 3 0
9 6 0
9 8 0
9 9 0
2 0 0
2 0 0
2 5 0
2 2 0
2 4 0
2 0 0
2 6 0
2 3 0
2 6 0
2 8 0
2 9 0
2 9 0
0 0 0
0 5 0
0 2 0
0 4 0
0 0 0
0 6 0
0 3 0
0 6 0
0 8 0
0 9 0
0 9 0
0 1 0
0 5 0
0 2 0
0 4 0
0 0 0
0 6 0
0 3 0
0 6 0
0 8 0
0 9 0
0 9 0
0 1 0
0 2 0
5 2 10
5 4 40
5 0 0
5 6 0
5 3 0
5 6 0
5 8 0
5 9 0
5 9 0
5 1 0
5 2 0
5 5 0
2 4 8
2 0 0
2 6 0
2 3 0
2 6 0
2 8 0
2 9 0
2 9 0
2 1 0
2 2 0
2 5 0
2 6 0
4 0 0
4 6 0
4 3 0
4 6 0
4 8 0
4 9 0
4 9 0
4 1 0
4 2 0
4 5 0
4 6 0
4 0 0
0 6 0
0 3 0
0 6 0
0 8 0
0 9 0
0 9 0
0 1 0
0 2 0
0 5 0
0 6 0
0 0 0
0 7 0
6 3 18
6 6 108
6 8 864
6 9 7776
6 9 69984
6 1 69984
6 2 139968
6 5 699840
6 6 4199040
6 0 0
6 7 0
6 1 0
3 6 18
3 8 144
3 9 1296
3 9 11664
3 1 11664
3 2 23328
3 5 116640
3 6 699840
3 0 0
3 7 0
3 1 0
3 7 0
6 8 48
6 9 432
6 9 3888
6 1 3888
6 2 7776
6 5 38880
6 6 233280
6 0 0
6 7 0
6 1 0
6 7 0
6 6 0
8 9 72
8 9 648
8 1 648
8 2 1296
8 5 6480
8 6 38880
8 0 0
8 7 0
8 1 0
8 7 0
8 6 0
8 0 0
9 9 81
9 1 81
9 2 162
9 5 810
9 6 4860
9 0 0
9 7 0
9 1 0
9 7 0
9 6 0
9 0 0
9 6 0
9 1 9
9 2 18
9 5 90
9 6 540
9 0 0
9 7 0
9 1 0
9 7 0
9 6 0
9 0 0
9 6 0
9 0 0
1 2 2
1 5 10
1 6 60
1 0 0
1 7 0
1 1 0
1 7 0
1 6 0
1 0 0
1 6 0
1 0 0
1 5 0
2 5 10
2 6 60
2 0 0
2 7 0
2 1 0
2 7 0
2 6 0
2 0 0
2 6 0
2 0 0
2 5 0
2 8 0
5 6 30
5 0 0
5 7 0
5 1 0
5 7 0
5 6 0
5 0 0
5 6 0
5 0 0
5 5 0
5 8 0
5 8 0
6 0 0
6 7 0
6 1 0
6 7 0
6 6 0
6 0 0
6 6 0
6 0 0
6 5 0
6 8 0
6 8 0
6 6 0
0 7 0
0 1 0
0 7 0
0 6 0
0 0 0
0 6 0
0 0 0
0 5 0
0 8 0
0 8 0
0 6 0
0 1 0
7 1 7
7 7 49
7 6 294
7 0 0
7 6 0
7 0 0
7 5 0
7 8 0
7 8 0
7 6 0
7 1 0
7 1 0
1 7 7
1 6 42
1 0 0
1 6 0
1 0 0
1 5 0
1 8 0
1 8 0
1 6 0
1 1 0
1 1 0
1 6 0
7 6 42
7 0 0
7 6 0
7 0 0
7 5 0
7 8 0
7 8 0
7 6 0
7 1 0
7 1 0
7 6 0
7 4 0
6 0 0
6 6 0
6 0 0
6 5 0
6 8 0
6 8 0
6 6 0
6 1 0
6 1 0
6 6 0
6 4 0
6 6 0
0 6 0
0 0 0
0 5 0
0 8 0
0 8 0
0 6 0
0 1 0
0 1 0
0 6 0
0 4 0
0 6 0
0 7 0
6 0 0
6 5 0
6 8 0
6 8 0
6 6 0
6 1 0
6 1 0
6 6 0
6 4 0
6 6 0
6 7 0
6 1 0
0 5 0
0 8 0
0 8 0
0 6 0
0 1 0
0 1 0
0 6 0
0 4 0
0 6 0
0 7 0
0 1 0
0 0 0
5 8 40
5 8 320
5 6 1920
5 1 1920
5 1 1920
5 6 11520
5 4 46080
5 6 276480
5 7 1935360
5 1 1935360
5 0 0
5 9 0
8 8 64
8 6 384
8 1 384
8 1 384
8 6 2304
8 4 9216
8 6 55296
8 7 387072
8 1 387072
8 0 0
8 9 0
8 4 0
8 6 48
8 1 48
8 1 48
8 6 288
8 4 1152
8 6 6912
8 7 48384
8 1 48384
8 0 0
8 9 0
8 4 0
8 0 0
6 1 6
6 1 6
6 6 36
6 4 144
6 6 864
6 7 6048
6 1 6048
6 0 0
6 9 0
6 4 0
6 0 0
6 5 0
1 1 1
1 6 6
1 4 24
1 6 144
1 7 1008
1 1 1008
1 0 0
1 9 0
1 4 0
1 0 0
1 5 0
1 0 0
1 6 6
1 4 24
1 6 144
1 7 1008
1 1 1008
1 0 0
1 9 0
1 4 0
1 0 0
1 5 0
1 0 0
1 7 0
6 4 24
6 6 144
6 7 1008
6 1 1008
6 0 0
6 9 0
6 4 0
6 0 0
6 5 0
6 0 0
6 7 0
6 7 0
4 6 24
4 7 168
4 1 168
4 0 0
4 9 0
4 4 0
4 0 0
4 5 0
4 0 0
4 7 0
4 7 0
4 5 0
6 7 42
6 1 42
6 0 0
6 9 0
6 4 0
6 0 0
6 5 0
6 0 0
6 7 0
6 7 0
6 5 0
6 4 0
7 1 7
7 0 0
7 9 0
7 4 0
7 0 0
7 5 0
7 0 0
7 7 0
7 7 0
7 5 0
7 4 0
7 1 0
1 0 0
1 9 0
1 4 0
1 0 0
1 5 0
1 0 0
1 7 0
1 7 0
1 5 0
1 4 0
1 1 0
1 0 0
0 9 0
0 4 0
0 0 0
0 5 0
0 0 0
0 7 0
0 7 0
0 5 0
0 4 0
0 1 0
0 0 0
0 0 0
9 4 36
9 0 0
9 5 0
9 0 0
9 7 0
9 7 0
9 5 0
9 4 0
9 1 0
9 0 0
9 0 0
9 2 0
4 0 0
4 5 0
4 0 0
4 7 0
4 7 0
4 5 0
4 4 0
4 1 0
4 0 0
4 0 0
4 2 0
4 2 0
0 5 0
0 0 0
0 7 0
0 7 0
0 5 0
0 4 0
0 1 0
0 0 0
0 0 0
0 2 0
0 2 0
0 5 0
5 0 0
5 7 0
5 7 0
5 5 0
5 4 0
5 1 0
5 0 0
5 0 0
5 2 0
5 2 0
5 5 0
5 6 0
0 7 0
0 7 0
0 5 0
0 4 0
0 1 0
0 0 0
0 0 0
0 2 0
0 2 0
0 5 0
0 6 0
0 9 0
7 7 49
7 5 245
7 4 980
7 1 980
7 0 0
7 0 0
7 2 0
7 2 0
7 5 0
7 6 0
7 9 0
7 8 0
7 5 35
7 4 140
7 1 140
7 0 0
7 0 0
7 2 0
7 2 0
7 5 0
7 6 0
7 9 0
7 8 0
7 3 0
5 4 20
5 1 20
5 0 0
5 0 0
5 2 0
5 2 0
5 5 0
5 6 0
5 9 0
5 8 0
5 3 0
5 1 0
4 1 4
4 0 0
4 0 0
4 2 0
4 2 0
4 5 0
4 6 0
4 9 0
4 8 0
4 3 0
4 1 0
4 5 0
1 0 0
1 0 0
1 2 0
1 2 0
1 5 0
1 6 0
1 9 0
1 8 0
1 3 0
1 1 0
1 5 0
1 5 0
0 0 0
0 2 0
0 2 0
0 5 0
0 6 0
0 9 0
0 8 0
0 3 0
0 1 0
0 5 0
0 5 0
0 2 0
0 2 0
0 2 0
0 5 0
0 6 0
0 9 0
0 8 0
0 3 0
0 1 0
0 5 0
0 5 0
0 2 0
0 0 0
2 2 4
2 5 20
2 6 120
2 9 1080
2 8 8640
2 3 25920
2 1 25920
2 5 129600
2 5 648000
2 2 1296000
2 0 0
2 0 0
2 5 10
2 6 60
2 9 540
2 8 4320
2 3 12960
2 1 12960
2 5 64800
2 5 324000
2 2 648000
2 0 0
2 0 0
2 0 0
5 6 30
5 9 270
5 8 2160
5 3 6480
5 1 6480
5 5 32400
5 5 162000
5 2 324000
5 0 0
5 0 0
5 0 0
5 5 0
6 9 54
6 8 432
6 3 1296
6 1 1296
6 5 6480
6 5 32400
6 2 64800
6 0 0
6 0 0
6 0 0
6 5 0
6 5 0
9 8 72
9 3 216
9 1 216
9 5 1080
9 5 5400
9 2 10800
9 0 0
9 0 0
9 0 0
9 5 0
9 5 0
9 9 0
8 3 24
8 1 24
8 5 120
8 5 600
8 2 1200
8 0 0
8 0 0
8 0 0
8 5 0
8 5 0
8 9 0
8 3 0
3 1 3
3 5 15
3 5 75
3 2 150
3 0 0
3 0 0
3 0 0
3 5 0
3 5 0
3 9 0
3 3 0
3 5 0
1 5 5
1 5 25
1 2 50
1 0 0
1 0 0
1 0 0
1 5 0
1 5 0
1 9 0
1 3 0
1 5 0
1 7 0
5 5 25
5 2 50
5 0 0
5 0 0
5 0 0
5 5 0
5 5 0
5 9 0
5 3 0
5 5 0
5 7 0
5 2 0
5 2 10
5 0 0
5 0 0
5 0 0
5 5 0
5 5 0
5 9 0
5 3 0
5 5 0
5 7 0
5 2 0
5 9 0
2 0 0
2 0 0
2 0 0
2 5 0
2 5 0
2 9 0
2 3 0
2 5 0
2 7 0
2 2 0
2 9 0
2 7 0
0 0 0
0 0 0
0 5 0
0 5 0
0 9 0
0 3 0
0 5 0
0 7 0
0 2 0
0 9 0
0 7 0
0 2 0
0 0 0
0 5 0
0 5 0
0 9 0
0 3 0
0 5 0
0 7 0
0 2 0
0 9 0
0 7 0
0 2 0
0 5 0
0 5 0
0 5 0
0 9 0
0 3 0
0 5 0
0 7 0
0 2 0
0 9 0
0 7 0
0 2 0
0 5 0
0 7 0
5 5 25
5 9 225
5 3 675
5 5 3375
5 7 23625
5 2 47250
5 9 425250
5 7 2976750
5 2 5953500
5 5 29767500
5 7 208372500
5 1 208372500
5 9 45
5 3 135
5 5 675
5 7 4725
5 2 9450
5 9 85050
5 7 595350
5 2 1190700
5 5 5953500
5 7 41674500
5 1 41674500
5 6 250047000
9 3 27
9 5 135
9 7 945
9 2 1890
9 9 17010
9 7 119070
9 2 238140
9 5 1190700
9 7 8334900
9 1 8334900
9 6 50009400
9 3 150028200
3 5 15
3 7 105
3 2 210
3 9 1890
3 7 13230
3 2 26460
3 5 132300
3 7 926100
3 1 926100
3 6 5556600
3 3 16669800
3 6 100018800
5 7 35
5 2 70
5 9 630
5 7 4410
5 2 8820
5 5 44100
5 7 308700
5 1 308700
5 6 1852200
5 3 5556600
5 6 33339600
5 2 66679200
7 2 14
7 9 126
7 7 882
7 2 1764
7 5 8820
7 7 61740
7 1 61740
7 6 370440
7 3 1111320
7 6 6667920
7 2 13335840
7 6 80015040
2 9 18
2 7 126
2 2 252
2 5 1260
2 7 8820
2 1 8820
2 6 52920
2 3 158760
2 6 952560
2 2 1905120
2 6 11430720
2 9 102876480
9 7 63
9 2 126
9 5 630
9 7 4410
9 1 4410
9 6 26460
9 3 79380
9 6 476280
9 2 952560
9 6 5715360
9 9 51438240
9 5 257191200
7 2 14
7 5 70
7 7 490
7 1 490
7 6 2940
7 3 8820
7 6 52920
7 2 105840
7 6 635040
7 9 5715360
7 5 28576800
7 6 171460800
2 5 10
2 7 70
2 1 70
2 6 420
2 3 1260
2 6 7560
2 2 15120
2 6 90720
2 9 816480
2 5 4082400
2 6 24494400
2 1 24494400
5 7 35
5 1 35
5 6 210
5 3 630
5 6 3780
5 2 7560
5 6 45360
5 9 408240
5 5 2041200
5 6 12247200
5 1 12247200
5 8 97977600
7 1 7
7 6 42
7 3 126
7 6 756
7 2 1512
7 6 9072
7 9 81648
7 5 408240
7 6 2449440
7 1 2449440
7 8 19595520
7 8 156764160
1 6 6
1 3 18
1 6 108
1 2 216
1 6 1296
1 9 11664
1 5 58320
1 6 349920
1 1 349920
1 8 2799360
1 8 22394880
1 2 44789760
6 3 18
6 6 108
6 2 216
6 6 1296
6 9 11664
6 5 58320
6 6 349920
6 1 349920
6 8 2799360
6 8 22394880
6 2 44789760
6 6 268738560
3 6 18
3 2 36
3 6 216
3 9 1944
3 5 9720
3 6 58320
3 1 58320
3 8 466560
3 8 3732480
3 2 7464960
3 6 44789760
3 7 313528320
6 2 12
6 6 72
6 9 648
6 5 3240
6 6 19440
6 1 19440
6 8 155520
6 8 1244160
6 2 2488320
6 6 14929920
6 7 104509440
6 0 0
2 6 12
2 9 108
2 5 540
2 6 3240
2 1 3240
2 8 25920
2 8 207360
2 2 414720
2 6 2488320
2 7 17418240
2 0 0
2 4 0
6 9 54
6 5 270
6 6 1620
6 1 1620
6 8 12960
6 8 103680
6 2 207360
6 6 1244160
6 7 8709120
6 0 0
6 4 0
6 2 0
9 5 45
9 6 270
9 1 270
9 8 2160
9 8 17280
9 2 34560
9 6 207360
9 7 1451520
9 0 0
9 4 0
9 2 0
9 8 0
5 6 30
5 1 30
5 8 240
5 8 1920
5 2 3840
5 6 23040
5 7 161280
5 0 0
5 4 0
5 2 0
5 8 0
5 2 0
6 1 6
6 8 48
6 8 384
6 2 768
6 6 4608
6 7 32256
6 0 0
6 4 0
6 2 0
6 8 0
6 2 0
6 5 0
1 8 8
1 8 64
1 2 128
1 6 768
1 7 5376
1 0 0
1 4 0
1 2 0
1 8 0
1 2 0
1 5 0
1 2 0
8 8 64
8 2 128
8 6 768
8 7 5376
8 0 0
8 4 0
8 2 0
8 8 0
8 2 0
8 5 0
8 2 0
8 4 0
8 2 16
8 6 96
8 7 672
8 0 0
8 4 0
8 2 0
8 8 0
8 2 0
8 5 0
8 2 0
8 4 0
8 8 0
2 6 12
2 7 84
2 0 0
2 4 0
2 2 0
2 8 0
2 2 0
2 5 0
2 2 0
2 4 0
2 8 0
2 3 0
6 7 42
6 0 0
6 4 0
6 2 0
6 8 0
6 2 0
6 5 0
6 2 0
6 4 0
6 8 0
6 3 0
6 6 0
7 0 0
7 4 0
7 2 0
7 8 0
7 2 0
7 5 0
7 2 0
7 4 0
7 8 0
7 3 0
7 6 0
7 0 0
0 4 0
0 2 0
0 8 0
0 2 0
0 5 0
0 2 0
0 4 0
0 8 0
0 3 0
0 6 0
0 0 0
0 0 0
4 2 8
4 8 64
4 2 128
4 5 640
4 2 1280
4 4 5120
4 8 40960
4 3 122880
4 6 737280
4 0 0
4 0 0
4 8 0
2 8 16
2 2 32
2 5 160
2 2 320
2 4 1280
2 8 10240
2 3 30720
2 6 184320
2 0 0
2 0 0
2 8 0
2 2 0
8 2 16
8 5 80
8 2 160
8 4 640
8 8 5120
8 3 15360
8 6 92160
8 0 0
8 0 0
8 8 0
8 2 0
8 3 0
2 5 10
2 2 20
2 4 80
2 8 640
2 3 1920
2 6 11520
2 0 0
2 0 0
2 8 0
2 2 0
2 3 0
2 2 0
5 2 10
5 4 40
5 8 320
5 3 960
5 6 5760
5 0 0
5 0 0
5 8 0
5 2 0
5 3 0
5 2 0
5 5 0
2 4 8
2 8 64
2 3 192
2 6 1152
2 0 0
2 0 0
2 8 0
2 2 0
2 3 0
2 2 0
2 5 0
2 7 0
4 8 32
4 3 96
4 6 576
4 0 0
4 0 0
4 8 0
4 2 0
4 3 0
4 2 0
4 5 0
4 7 0
4 5 0
8 3 24
8 6 144
8 0 0
8 0 0
8 8 0
8 2 0
8 3 0
8 2 0
8 5 0
8 7 0
8 5 0
8 3 0
3 6 18
3 0 0
3 0 0
3 8 0
3 2 0
3 3 0
3 2 0
3 5 0
3 7 0
3 5 0
3 3 0
3 0 0
6 0 0
6 0 0
6 8 0
6 2 0
6 3 0
6 2 0
6 5 0
6 7 0
6 5 0
6 3 0
6 0 0
6 4 0
0 0 0
0 8 0
0 2 0
0 3 0
0 2 0
0 5 0
0 7 0
0 5 0
0 3 0
0 0 0
0 4 0
0 2 0
0 8 0
0 2 0
0 3 0
0 2 0
0 5 0
0 7 0
0 5 0
0 3 0
0 0 0
0 4 0
0 2 0
0 0 0
8 2 16
8 3 48
8 2 96
8 5 480
8 7 3360
8 5 16800
8 3 50400
8 0 0
8 4 0
8 2 0
8 0 0
8 7 0
2 3 6
2 2 12
2 5 60
2 7 420
2 5 2100
2 3 6300
2 0 0
2 4 0
2 2 0
2 0 0
2 7 0
2 5 0
3 2 6
3 5 30
3 7 210
3 5 1050
3 3 3150
3 0 0
3 4 0
3 2 0
3 0 0
3 7 0
3 5 0
3 2 0
2 5 10
2 7 70
2 5 350
2 3 1050
2 0 0
2 4 0
2 2 0
2 0 0
2 7 0
2 5 0
2 2 0
2 9 0
5 7 35
5 5 175
5 3 525
5 0 0
5 4 0
5 2 0
5 0 0
5 7 0
5 5 0
5 2 0
5 9 0
5 6 0
7 5 35
7 3 105
7 0 0
7 4 0
7 2 0
7 0 0
7 7 0
7 5 0
7 2 0
7 9 0
7 6 0
7 3 0
5 3 15
5 0 0
5 4 0
5 2 0
5 0 0
5 7 0
5 5 0
5 2 0
5 9 0
5 6 0
5 3 0
5 4 0
3 0 0
3 4 0
3 2 0
3 0 0
3 7 0
3 5 0
3 2 0
3 9 0
3 6 0
3 3 0
3 4 0
3 5 0
23514624000
